#
# A fatal error has been detected by the Java Runtime Environment:
#
#  SIGSEGV (0xb) at pc=0x00007ff8a94ba154, pid=17027, tid=0x00007ff891873700
#
# JRE version: OpenJDK Runtime Environment (8.0_242-b08) (build 1.8.0_242-8u242-b08-0ubuntu3~18.04-b08)
# Java VM: OpenJDK 64-Bit Server VM (25.242-b08 mixed mode linux-amd64 compressed oops)
# Problematic frame:
# V  [libjvm.so+0x63a154]
#
# Failed to write core dump. Core dumps have been disabled. To enable core dumping, try "ulimit -c unlimited" before starting Java again
#
# If you would like to submit a bug report, please visit:
#   http://bugreport.java.com/bugreport/crash.jsp
#

---------------  T H R E A D  ---------------

Current thread (0x00007ff8a4081800):  VMThread [stack: 0x00007ff891774000,0x00007ff891874000] [id=17037]

siginfo: si_signo: 11 (SIGSEGV), si_code: 1 (SEGV_MAPERR), si_addr: 0x00007ff82068cfa8

Registers:
RAX=0x00007ff82068cf98, RBX=0x0000000000000003, RCX=0x0000000000000003, RDX=0x00007ff82268ccd8
RSP=0x00007ff8918725e0, RBP=0x00007ff891872600, RSI=0x0000000000000013, RDI=0x0000000000000000
R8 =0x0000000000000000, R9 =0x0000000000001801, R10=0xfffffffffffff000, R11=0x000000000004b000
R12=0x00000001008ae818, R13=0x00007ff8a9df3380, R14=0x00007ff87c04a810, R15=0x00000001008ae818
RIP=0x00007ff8a94ba154, EFLAGS=0x0000000000010287, CSGSFS=0x002b000000000033, ERR=0x0000000000000004
  TRAPNO=0x000000000000000e

Top of Stack: (sp=0x00007ff8918725e0)
0x00007ff8918725e0:   00000001003674e8 000000000000018a
0x00007ff8918725f0:   00000001004fe188 00007ff8a9df3380
0x00007ff891872600:   00007ff8918726a0 00007ff8a9606958
0x00007ff891872610:   00007ff8a9d326b8 00007ff891872640
0x00007ff891872620:   0000000000000000 0000000000000000
0x00007ff891872630:   01007ff891872680 0000000000000c48
0x00007ff891872640:   0000000000000000 0000000000000000
0x00007ff891872650:   0000000000000000 0000000000000000
0x00007ff891872660:   0000000000000000 4e99b4a8801ba400
0x00007ff891872670:   00007ff8918726a0 00007ff8918726f8
0x00007ff891872680:   0000000000000004 00007ff891872750
0x00007ff891872690:   0000000000000004 00007ff891872770
0x00007ff8918726a0:   00007ff891872870 00007ff8a97e482f
0x00007ff8918726b0:   00007ff891872730 00007ff8a9df34a0
0x00007ff8918726c0:   00007ff891872790 00007ff8643791d0
0x00007ff8918726d0:   0000000000000000 00000000000001d4
0x00007ff8918726e0:   000000000000004a 0000000000000001
0x00007ff8918726f0:   00007ff8a9df3100 00007ff8aa580ea6
0x00007ff891872700:   00007ff8a9d321f0 00007ff8a407e8e0
0x00007ff891872710:   00007ff8a9d32208 00007ff8a9773700
0x00007ff891872720:   00007ff8a407e8e0 000000000d76cbbb
0x00007ff891872730:   00007ff8a99ba7f6 4e99b4a8801b0100
0x00007ff891872740:   00007ff8a9df34e0 000000e9e5d30f2d
0x00007ff891872750:   00007ff8a99ba80d 00007ff8a96e0100
0x00007ff891872760:   00007ff8a9df34e0 000000e9e6b1d8a4
0x00007ff891872770:   00007ff8a998277b 0000000000000100
0x00007ff891872780:   00007ff8a9df34e0 000000e9e6b9b668
0x00007ff891872790:   00007ff8a9d33580 0000000100000004
0x00007ff8918727a0:   00007ff8a407e370 00007ffdeaea3c30
0x00007ff8918727b0:   00007ff891872830 00000001a40269b0
0x00007ff8918727c0:   00007ff8a9df3100 0000000000000001
0x00007ff8918727d0:   00007ff891872810 00007ff8a4080f10 

Instructions: (pc=0x00007ff8a94ba154)
0x00007ff8a94ba134:   c3 01 e8 b5 88 25 00 49 8b 94 24 70 01 00 00 8b
0x00007ff8a94ba144:   32 39 de 7e 1b 48 89 d0 48 63 cb 48 8b 44 c8 08
0x00007ff8a94ba154:   48 8b 78 10 48 85 ff 75 d3 83 c3 01 39 f3 7c e5
0x00007ff8a94ba164:   41 80 bc 24 fe 00 00 00 00 75 11 48 83 c4 08 5b 

Register to memory mapping:

RAX=0x00007ff82068cf98 is an unknown value
RBX=0x0000000000000003 is an unknown value
RCX=0x0000000000000003 is an unknown value
RDX=0x00007ff82268ccd8 is pointing into metadata
RSP=0x00007ff8918725e0 is an unknown value
RBP=0x00007ff891872600 is an unknown value
RSI=0x0000000000000013 is an unknown value
RDI=0x0000000000000000 is an unknown value
R8 =0x0000000000000000 is an unknown value
R9 =0x0000000000001801 is an unknown value
R10=0xfffffffffffff000 is an unknown value
R11=0x000000000004b000 is an unknown value
R12=0x00000001008ae818 is pointing into metadata
R13=0x00007ff8a9df3380: <offset 0xf73380> in /usr/lib/jvm/java-8-openjdk-amd64/jre/lib/amd64/server/libjvm.so at 0x00007ff8a8e80000
R14=0x00007ff87c04a810 is an unknown value
R15=0x00000001008ae818 is pointing into metadata


Stack: [0x00007ff891774000,0x00007ff891874000],  sp=0x00007ff8918725e0,  free space=1017k
Native frames: (J=compiled Java code, j=interpreted, Vv=VM code, C=native code)
V  [libjvm.so+0x63a154]
V  [libjvm.so+0x786958]
V  [libjvm.so+0x96482f]
V  [libjvm.so+0x965c4e]
V  [libjvm.so+0x96655e]
V  [libjvm.so+0xabd672]
V  [libjvm.so+0xac2336]
V  [libjvm.so+0xac0635]
V  [libjvm.so+0xac0f3a]
V  [libjvm.so+0xac1318]
V  [libjvm.so+0x8f2d82]

VM_Operation (0x00007ff823ffe6e0): ParallelGCSystemGC, mode: safepoint, requested by thread 0x00007ff824005000


---------------  P R O C E S S  ---------------

Java Threads: ( => current thread )
  0x00007ff868003000 JavaThread "globalEventExecutor-2-6" [_thread_blocked, id=17959, stack(0x00007ff823cfd000,0x00007ff823dfe000)]
  0x00007ff824005000 JavaThread "Thread-17" [_thread_blocked, id=17953, stack(0x00007ff823eff000,0x00007ff824000000)]
  0x00007ff834054000 JavaThread "http-nio-8081-Acceptor" daemon [_thread_blocked, id=17939, stack(0x00007ff8235f8000,0x00007ff8236f9000)]
  0x00007ff834015000 JavaThread "Catalina-utility-2" [_thread_blocked, id=17915, stack(0x00007ff85de16000,0x00007ff85df17000)]
  0x00007ff834014800 JavaThread "Catalina-utility-1" [_thread_blocked, id=17914, stack(0x00007ff85d1df000,0x00007ff85d2e0000)]
  0x00007ff8a4014000 JavaThread "DestroyJavaVM" [_thread_blocked, id=17029, stack(0x00007ff8aab60000,0x00007ff8aac60000)]
  0x00007ff80c00d000 JavaThread "RMI Scheduler(0)" daemon [_thread_blocked, id=17074, stack(0x00007ff8234f7000,0x00007ff8235f8000)]
  0x00007ff868001000 JavaThread "Attach Listener" daemon [_thread_blocked, id=17069, stack(0x00007ff8239fa000,0x00007ff823afb000)]
  0x00007ff83d3ed000 JavaThread "Live Reload Server" daemon [_thread_in_native, id=17062, stack(0x00007ff85c8de000,0x00007ff85c9df000)]
  0x00007ff83ce20000 JavaThread "mysql-cj-abandoned-connection-cleanup" daemon [_thread_blocked, id=17056, stack(0x00007ff85dc14000,0x00007ff85dd15000)]
  0x00007ff8a49aa800 JavaThread "RMI TCP Accept-0" daemon [_thread_in_native, id=17047, stack(0x00007ff85f91b000,0x00007ff85fa1c000)]
  0x00007ff8a498c800 JavaThread "RMI TCP Accept-33245" daemon [_thread_in_native, id=17046, stack(0x00007ff85fa1c000,0x00007ff85fb1d000)]
  0x00007ff8a4979800 JavaThread "RMI TCP Accept-0" daemon [_thread_in_native, id=17045, stack(0x00007ff85fb1d000,0x00007ff85fc1e000)]
  0x00007ff8a40d1000 JavaThread "Service Thread" daemon [_thread_blocked, id=17044, stack(0x00007ff89069d000,0x00007ff89079e000)]
  0x00007ff8a40c6800 JavaThread "C1 CompilerThread2" daemon [_thread_blocked, id=17043, stack(0x00007ff89079f000,0x00007ff89089f000)]
  0x00007ff8a40c4800 JavaThread "C2 CompilerThread1" daemon [_thread_blocked, id=17042, stack(0x00007ff8908a0000,0x00007ff8909a0000)]
  0x00007ff8a40c1800 JavaThread "C2 CompilerThread0" daemon [_thread_blocked, id=17041, stack(0x00007ff8909a1000,0x00007ff890aa1000)]
  0x00007ff8a40bd800 JavaThread "Signal Dispatcher" daemon [_thread_blocked, id=17040, stack(0x00007ff890aa1000,0x00007ff890ba2000)]
  0x00007ff8a4090000 JavaThread "Finalizer" daemon [_thread_blocked, id=17039, stack(0x00007ff891571000,0x00007ff891672000)]
  0x00007ff8a408b800 JavaThread "Reference Handler" daemon [_thread_blocked, id=17038, stack(0x00007ff891672000,0x00007ff891773000)]

Other Threads:
=>0x00007ff8a4081800 VMThread [stack: 0x00007ff891774000,0x00007ff891874000] [id=17037]
  0x00007ff8a49ac800 WatcherThread [stack: 0x00007ff85f81b000,0x00007ff85f91b000] [id=17048]

VM state:at safepoint (normal execution)

VM Mutex/Monitor currently owned by a thread:  ([mutex/lock_event])
[0x00007ff8a4010660] Threads_lock - owner thread: 0x00007ff8a4081800
[0x00007ff8a4010b60] Heap_lock - owner thread: 0x00007ff824005000

heap address: 0x0000000084800000, size: 1976 MB, Compressed Oops mode: 32-bit
Narrow klass base: 0x0000000000000000, Narrow klass shift: 3
Compressed class space size: 1073741824 Address: 0x0000000100000000

Heap:
 PSYoungGen      total 405504K, used 11786K [0x00000000d6d80000, 0x00000000f1980000, 0x0000000100000000)
  eden space 393216K, 0% used [0x00000000d6d80000,0x00000000d6d80000,0x00000000eed80000)
  from space 12288K, 95% used [0x00000000eed80000,0x00000000ef902a28,0x00000000ef980000)
  to   space 22528K, 0% used [0x00000000f0380000,0x00000000f0380000,0x00000000f1980000)
 ParOldGen       total 120320K, used 38896K [0x0000000084800000, 0x000000008bd80000, 0x00000000d6d80000)
  object space 120320K, 32% used [0x0000000084800000,0x0000000086dfc228,0x000000008bd80000)
 Metaspace       used 69481K, capacity 72696K, committed 73000K, reserved 1112064K
  class space    used 9254K, capacity 9907K, committed 10032K, reserved 1048576K

Card table byte_map: [0x00007ff893bec000,0x00007ff893fc9000] byte_map_base: 0x00007ff8937c8000

Marking Bits: (ParMarkBitMap*) 0x00007ff8a9df33e0
 Begin Bits: [0x00007ff888240000, 0x00007ff88a120000)
 End Bits:   [0x00007ff88a120000, 0x00007ff88c000000)

Polling page: 0x00007ff8aac74000

CodeCache: size=245760Kb used=13921Kb max_used=13921Kb free=231838Kb
 bounds [0x00007ff894389000, 0x00007ff895129000, 0x00007ff8a3389000]
 total_blobs=7889 nmethods=7228 adapters=574
 compilation: enabled

Compilation events (10 events):
Event: 1004.550 Thread 0x00007ff8a40c6800 7382       1       org.springframework.beans.factory.support.DefaultListableBeanFactory::destroySingleton (15 bytes)
Event: 1004.551 Thread 0x00007ff8a40c6800 nmethod 7382 0x00007ff895123d50 code [0x00007ff895123ee0, 0x00007ff895124178]
Event: 1004.556 Thread 0x00007ff8a40c6800 7383   !   1       org.springframework.beans.factory.support.DefaultSingletonBeanRegistry::destroySingleton (45 bytes)
Event: 1004.557 Thread 0x00007ff8a40c6800 nmethod 7383 0x00007ff895124350 code [0x00007ff8951244e0, 0x00007ff895124868]
Event: 1004.557 Thread 0x00007ff8a40c6800 7384       1       java.lang.Thread::getName (5 bytes)
Event: 1004.557 Thread 0x00007ff8a40c6800 nmethod 7384 0x00007ff895124a10 code [0x00007ff895124b60, 0x00007ff895124c70]
Event: 1004.564 Thread 0x00007ff8a40c6800 7385       1       sun.misc.Unsafe::getAndAddLong (27 bytes)
Event: 1004.565 Thread 0x00007ff8a40c6800 nmethod 7385 0x00007ff895124cd0 code [0x00007ff895124e20, 0x00007ff895124f70]
Event: 1004.573 Thread 0x00007ff8a40c6800 7386  s    1       org.apache.tomcat.util.modeler.Registry::getRegistry (53 bytes)
Event: 1004.573 Thread 0x00007ff8a40c6800 nmethod 7386 0x00007ff895125010 code [0x00007ff895125180, 0x00007ff895125528]

GC Heap History (10 events):
Event: 704.152 GC heap after
Heap after GC invocations=14 (full 3):
 PSYoungGen      total 401408K, used 7955K [0x00000000d6d80000, 0x00000000f2000000, 0x0000000100000000)
  eden space 393216K, 0% used [0x00000000d6d80000,0x00000000d6d80000,0x00000000eed80000)
  from space 8192K, 97% used [0x00000000efc80000,0x00000000f0444cb8,0x00000000f0480000)
  to   space 25088K, 0% used [0x00000000f0780000,0x00000000f0780000,0x00000000f2000000)
 ParOldGen       total 120320K, used 35184K [0x0000000084800000, 0x000000008bd80000, 0x00000000d6d80000)
  object space 120320K, 29% used [0x0000000084800000,0x0000000086a5c320,0x000000008bd80000)
 Metaspace       used 68842K, capacity 71798K, committed 71976K, reserved 1112064K
  class space    used 9178K, capacity 9733K, committed 9776K, reserved 1048576K
}
Event: 704.152 GC heap before
{Heap before GC invocations=15 (full 4):
 PSYoungGen      total 401408K, used 7955K [0x00000000d6d80000, 0x00000000f2000000, 0x0000000100000000)
  eden space 393216K, 0% used [0x00000000d6d80000,0x00000000d6d80000,0x00000000eed80000)
  from space 8192K, 97% used [0x00000000efc80000,0x00000000f0444cb8,0x00000000f0480000)
  to   space 25088K, 0% used [0x00000000f0780000,0x00000000f0780000,0x00000000f2000000)
 ParOldGen       total 120320K, used 35184K [0x0000000084800000, 0x000000008bd80000, 0x00000000d6d80000)
  object space 120320K, 29% used [0x0000000084800000,0x0000000086a5c320,0x000000008bd80000)
 Metaspace       used 68842K, capacity 71798K, committed 71976K, reserved 1112064K
  class space    used 9178K, capacity 9733K, committed 9776K, reserved 1048576K
Event: 704.304 GC heap after
Heap after GC invocations=15 (full 4):
 PSYoungGen      total 401408K, used 0K [0x00000000d6d80000, 0x00000000f2000000, 0x0000000100000000)
  eden space 393216K, 0% used [0x00000000d6d80000,0x00000000d6d80000,0x00000000eed80000)
  from space 8192K, 0% used [0x00000000efc80000,0x00000000efc80000,0x00000000f0480000)
  to   space 25088K, 0% used [0x00000000f0780000,0x00000000f0780000,0x00000000f2000000)
 ParOldGen       total 120320K, used 33566K [0x0000000084800000, 0x000000008bd80000, 0x00000000d6d80000)
  object space 120320K, 27% used [0x0000000084800000,0x00000000868c7998,0x000000008bd80000)
 Metaspace       used 68840K, capacity 71792K, committed 71976K, reserved 1112064K
  class space    used 9178K, capacity 9732K, committed 9776K, reserved 1048576K
}
Event: 991.170 GC heap before
{Heap before GC invocations=16 (full 4):
 PSYoungGen      total 401408K, used 321982K [0x00000000d6d80000, 0x00000000f2000000, 0x0000000100000000)
  eden space 393216K, 81% used [0x00000000d6d80000,0x00000000ea7efa18,0x00000000eed80000)
  from space 8192K, 0% used [0x00000000efc80000,0x00000000efc80000,0x00000000f0480000)
  to   space 25088K, 0% used [0x00000000f0780000,0x00000000f0780000,0x00000000f2000000)
 ParOldGen       total 120320K, used 33566K [0x0000000084800000, 0x000000008bd80000, 0x00000000d6d80000)
  object space 120320K, 27% used [0x0000000084800000,0x00000000868c7998,0x000000008bd80000)
 Metaspace       used 69238K, capacity 72406K, committed 72616K, reserved 1112064K
  class space    used 9229K, capacity 9860K, committed 9904K, reserved 1048576K
Event: 991.180 GC heap after
Heap after GC invocations=16 (full 4):
 PSYoungGen      total 414720K, used 11881K [0x00000000d6d80000, 0x00000000f1c80000, 0x0000000100000000)
  eden space 393216K, 0% used [0x00000000d6d80000,0x00000000d6d80000,0x00000000eed80000)
  from space 21504K, 55% used [0x00000000f0780000,0x00000000f131a668,0x00000000f1c80000)
  to   space 24064K, 0% used [0x00000000eed80000,0x00000000eed80000,0x00000000f0500000)
 ParOldGen       total 120320K, used 33574K [0x0000000084800000, 0x000000008bd80000, 0x00000000d6d80000)
  object space 120320K, 27% used [0x0000000084800000,0x00000000868c9998,0x000000008bd80000)
 Metaspace       used 69238K, capacity 72406K, committed 72616K, reserved 1112064K
  class space    used 9229K, capacity 9860K, committed 9904K, reserved 1048576K
}
Event: 991.180 GC heap before
{Heap before GC invocations=17 (full 5):
 PSYoungGen      total 414720K, used 11881K [0x00000000d6d80000, 0x00000000f1c80000, 0x0000000100000000)
  eden space 393216K, 0% used [0x00000000d6d80000,0x00000000d6d80000,0x00000000eed80000)
  from space 21504K, 55% used [0x00000000f0780000,0x00000000f131a668,0x00000000f1c80000)
  to   space 24064K, 0% used [0x00000000eed80000,0x00000000eed80000,0x00000000f0500000)
 ParOldGen       total 120320K, used 33574K [0x0000000084800000, 0x000000008bd80000, 0x00000000d6d80000)
  object space 120320K, 27% used [0x0000000084800000,0x00000000868c9998,0x000000008bd80000)
 Metaspace       used 69238K, capacity 72406K, committed 72616K, reserved 1112064K
  class space    used 9229K, capacity 9860K, committed 9904K, reserved 1048576K
Event: 991.308 GC heap after
Heap after GC invocations=17 (full 5):
 PSYoungGen      total 414720K, used 0K [0x00000000d6d80000, 0x00000000f1c80000, 0x0000000100000000)
  eden space 393216K, 0% used [0x00000000d6d80000,0x00000000d6d80000,0x00000000eed80000)
  from space 21504K, 0% used [0x00000000f0780000,0x00000000f0780000,0x00000000f1c80000)
  to   space 24064K, 0% used [0x00000000eed80000,0x00000000eed80000,0x00000000f0500000)
 ParOldGen       total 120320K, used 38888K [0x0000000084800000, 0x000000008bd80000, 0x00000000d6d80000)
  object space 120320K, 32% used [0x0000000084800000,0x0000000086dfa228,0x000000008bd80000)
 Metaspace       used 69232K, capacity 72394K, committed 72616K, reserved 1112064K
  class space    used 9228K, capacity 9857K, committed 9904K, reserved 1048576K
}
Event: 1004.573 GC heap before
{Heap before GC invocations=18 (full 5):
 PSYoungGen      total 414720K, used 280645K [0x00000000d6d80000, 0x00000000f1c80000, 0x0000000100000000)
  eden space 393216K, 71% used [0x00000000d6d80000,0x00000000e7f91750,0x00000000eed80000)
  from space 21504K, 0% used [0x00000000f0780000,0x00000000f0780000,0x00000000f1c80000)
  to   space 24064K, 0% used [0x00000000eed80000,0x00000000eed80000,0x00000000f0500000)
 ParOldGen       total 120320K, used 38888K [0x0000000084800000, 0x000000008bd80000, 0x00000000d6d80000)
  object space 120320K, 32% used [0x0000000084800000,0x0000000086dfa228,0x000000008bd80000)
 Metaspace       used 69481K, capacity 72696K, committed 73000K, reserved 1112064K
  class space    used 9254K, capacity 9907K, committed 10032K, reserved 1048576K
Event: 1004.583 GC heap after
Heap after GC invocations=18 (full 5):
 PSYoungGen      total 405504K, used 11786K [0x00000000d6d80000, 0x00000000f1980000, 0x0000000100000000)
  eden space 393216K, 0% used [0x00000000d6d80000,0x00000000d6d80000,0x00000000eed80000)
  from space 12288K, 95% used [0x00000000eed80000,0x00000000ef902a28,0x00000000ef980000)
  to   space 22528K, 0% used [0x00000000f0380000,0x00000000f0380000,0x00000000f1980000)
 ParOldGen       total 120320K, used 38896K [0x0000000084800000, 0x000000008bd80000, 0x00000000d6d80000)
  object space 120320K, 32% used [0x0000000084800000,0x0000000086dfc228,0x000000008bd80000)
 Metaspace       used 69481K, capacity 72696K, committed 73000K, reserved 1112064K
  class space    used 9254K, capacity 9907K, committed 10032K, reserved 1048576K
}
Event: 1004.583 GC heap before
{Heap before GC invocations=19 (full 6):
 PSYoungGen      total 405504K, used 11786K [0x00000000d6d80000, 0x00000000f1980000, 0x0000000100000000)
  eden space 393216K, 0% used [0x00000000d6d80000,0x00000000d6d80000,0x00000000eed80000)
  from space 12288K, 95% used [0x00000000eed80000,0x00000000ef902a28,0x00000000ef980000)
  to   space 22528K, 0% used [0x00000000f0380000,0x00000000f0380000,0x00000000f1980000)
 ParOldGen       total 120320K, used 38896K [0x0000000084800000, 0x000000008bd80000, 0x00000000d6d80000)
  object space 120320K, 32% used [0x0000000084800000,0x0000000086dfc228,0x000000008bd80000)
 Metaspace       used 69481K, capacity 72696K, committed 73000K, reserved 1112064K
  class space    used 9254K, capacity 9907K, committed 10032K, reserved 1048576K

Deoptimization events (0 events):
No events

Classes redefined (0 events):
No events

Internal exceptions (10 events):
Event: 992.138 Thread 0x00007ff824005000 Exception <a 'java/lang/ArrayIndexOutOfBoundsException'> (0x00000000e666f660) thrown at [/build/openjdk-8-58sEEn/openjdk-8-8u242-b08/src/hotspot/src/share/vm/runtime/sharedRuntime.cpp, line 605]
Event: 992.138 Thread 0x00007ff824005000 Exception <a 'java/lang/ArrayIndexOutOfBoundsException'> (0x00000000e6671a48) thrown at [/build/openjdk-8-58sEEn/openjdk-8-8u242-b08/src/hotspot/src/share/vm/runtime/sharedRuntime.cpp, line 605]
Event: 992.141 Thread 0x00007ff824005000 Exception <a 'java/lang/ArrayIndexOutOfBoundsException'> (0x00000000e66a8910) thrown at [/build/openjdk-8-58sEEn/openjdk-8-8u242-b08/src/hotspot/src/share/vm/runtime/sharedRuntime.cpp, line 605]
Event: 992.141 Thread 0x00007ff824005000 Exception <a 'java/lang/ArrayIndexOutOfBoundsException'> (0x00000000e66afa30) thrown at [/build/openjdk-8-58sEEn/openjdk-8-8u242-b08/src/hotspot/src/share/vm/runtime/sharedRuntime.cpp, line 605]
Event: 992.141 Thread 0x00007ff824005000 Exception <a 'java/lang/ArrayIndexOutOfBoundsException'> (0x00000000e66b3ce8) thrown at [/build/openjdk-8-58sEEn/openjdk-8-8u242-b08/src/hotspot/src/share/vm/runtime/sharedRuntime.cpp, line 605]
Event: 992.141 Thread 0x00007ff824005000 Exception <a 'java/lang/ArrayIndexOutOfBoundsException'> (0x00000000e66bb3d8) thrown at [/build/openjdk-8-58sEEn/openjdk-8-8u242-b08/src/hotspot/src/share/vm/runtime/sharedRuntime.cpp, line 605]
Event: 992.142 Thread 0x00007ff824005000 Exception <a 'java/lang/ArrayIndexOutOfBoundsException'> (0x00000000e66bf928) thrown at [/build/openjdk-8-58sEEn/openjdk-8-8u242-b08/src/hotspot/src/share/vm/runtime/sharedRuntime.cpp, line 605]
Event: 992.143 Thread 0x00007ff824005000 Exception <a 'java/lang/ArrayIndexOutOfBoundsException'> (0x00000000e66d3870) thrown at [/build/openjdk-8-58sEEn/openjdk-8-8u242-b08/src/hotspot/src/share/vm/runtime/sharedRuntime.cpp, line 605]
Event: 992.143 Thread 0x00007ff824005000 Exception <a 'java/lang/ArrayIndexOutOfBoundsException'> (0x00000000e66d4998) thrown at [/build/openjdk-8-58sEEn/openjdk-8-8u242-b08/src/hotspot/src/share/vm/runtime/sharedRuntime.cpp, line 605]
Event: 1004.572 Thread 0x00007ff834016000 Exception <a 'java/lang/InterruptedException': sleep interrupted> (0x00000000e7eb7048) thrown at [/build/openjdk-8-58sEEn/openjdk-8-8u242-b08/src/hotspot/src/share/vm/prims/jvm.cpp, line 3336]

Events (10 events):
Event: 1004.572 Thread 0x00007ff83403d000 Thread exited: 0x00007ff83403d000
Event: 1004.572 Executing VM operation: RevokeBias
Event: 1004.572 Executing VM operation: RevokeBias done
Event: 1004.572 Executing VM operation: RevokeBias
Event: 1004.572 Executing VM operation: RevokeBias done
Event: 1004.572 Thread 0x00007ff83403a800 Thread exited: 0x00007ff83403a800
Event: 1004.572 Executing VM operation: RevokeBias
Event: 1004.572 Executing VM operation: RevokeBias done
Event: 1004.572 Thread 0x00007ff834016000 Thread exited: 0x00007ff834016000
Event: 1004.573 Executing VM operation: RevokeBias


Dynamic libraries:
84800000-8bd80000 rw-p 00000000 00:00 0 
8bd80000-d6d80000 ---p 00000000 00:00 0 
d6d80000-f1980000 rw-p 00000000 00:00 0 
f1980000-100000000 ---p 00000000 00:00 0 
100000000-1009cc000 rw-p 00000000 00:00 0 
1009cc000-140000000 ---p 00000000 00:00 0 
55a93f5ee000-55a93f5ef000 r-xp 00000000 08:01 2623000                    /usr/lib/jvm/java-8-openjdk-amd64/jre/bin/java
55a93f7ee000-55a93f7ef000 r--p 00000000 08:01 2623000                    /usr/lib/jvm/java-8-openjdk-amd64/jre/bin/java
55a93f7ef000-55a93f7f0000 rw-p 00001000 08:01 2623000                    /usr/lib/jvm/java-8-openjdk-amd64/jre/bin/java
55a93f878000-55a93f899000 rw-p 00000000 00:00 0                          [heap]
7ff80c000000-7ff80c065000 rw-p 00000000 00:00 0 
7ff80c065000-7ff810000000 ---p 00000000 00:00 0 
7ff810000000-7ff810021000 rw-p 00000000 00:00 0 
7ff810021000-7ff814000000 ---p 00000000 00:00 0 
7ff814000000-7ff814021000 rw-p 00000000 00:00 0 
7ff814021000-7ff818000000 ---p 00000000 00:00 0 
7ff818000000-7ff818021000 rw-p 00000000 00:00 0 
7ff818021000-7ff81c000000 ---p 00000000 00:00 0 
7ff81c000000-7ff81c046000 rw-p 00000000 00:00 0 
7ff81c046000-7ff820000000 ---p 00000000 00:00 0 
7ff8218c4000-7ff821a44000 rw-p 00000000 00:00 0 
7ff821a44000-7ff821ac4000 ---p 00000000 00:00 0 
7ff821ac4000-7ff821adb000 r-xp 00000000 08:01 6296356                    /lib/x86_64-linux-gnu/libresolv-2.27.so
7ff821adb000-7ff821cdb000 ---p 00017000 08:01 6296356                    /lib/x86_64-linux-gnu/libresolv-2.27.so
7ff821cdb000-7ff821cdc000 r--p 00017000 08:01 6296356                    /lib/x86_64-linux-gnu/libresolv-2.27.so
7ff821cdc000-7ff821cdd000 rw-p 00018000 08:01 6296356                    /lib/x86_64-linux-gnu/libresolv-2.27.so
7ff821cdd000-7ff821cdf000 rw-p 00000000 00:00 0 
7ff821cdf000-7ff821ce4000 r-xp 00000000 08:01 6296305                    /lib/x86_64-linux-gnu/libnss_dns-2.27.so
7ff821ce4000-7ff821ee4000 ---p 00005000 08:01 6296305                    /lib/x86_64-linux-gnu/libnss_dns-2.27.so
7ff821ee4000-7ff821ee5000 r--p 00005000 08:01 6296305                    /lib/x86_64-linux-gnu/libnss_dns-2.27.so
7ff821ee5000-7ff821ee6000 rw-p 00006000 08:01 6296305                    /lib/x86_64-linux-gnu/libnss_dns-2.27.so
7ff821ee6000-7ff821ee8000 r-xp 00000000 08:01 6296313                    /lib/x86_64-linux-gnu/libnss_mdns4_minimal.so.2
7ff821ee8000-7ff8220e7000 ---p 00002000 08:01 6296313                    /lib/x86_64-linux-gnu/libnss_mdns4_minimal.so.2
7ff8220e7000-7ff8220e8000 r--p 00001000 08:01 6296313                    /lib/x86_64-linux-gnu/libnss_mdns4_minimal.so.2
7ff8220e8000-7ff8220e9000 rw-p 00002000 08:01 6296313                    /lib/x86_64-linux-gnu/libnss_mdns4_minimal.so.2
7ff8220e9000-7ff8222e9000 rw-p 00000000 00:00 0 
7ff8222e9000-7ff8224e9000 rw-p 00000000 00:00 0 
7ff8224e9000-7ff8226e9000 rw-p 00000000 00:00 0 
7ff8226e9000-7ff8226ec000 ---p 00000000 00:00 0 
7ff8226ec000-7ff8227ea000 rw-p 00000000 00:00 0 
7ff8227ea000-7ff8227ed000 ---p 00000000 00:00 0 
7ff8227ed000-7ff8228eb000 rw-p 00000000 00:00 0 
7ff8228eb000-7ff8228ee000 ---p 00000000 00:00 0 
7ff8228ee000-7ff8229ec000 rw-p 00000000 00:00 0 
7ff8229ec000-7ff8229ef000 ---p 00000000 00:00 0 
7ff8229ef000-7ff822aed000 rw-p 00000000 00:00 0 
7ff822aed000-7ff822af0000 ---p 00000000 00:00 0 
7ff822af0000-7ff822bee000 rw-p 00000000 00:00 0 
7ff822bee000-7ff822bf1000 ---p 00000000 00:00 0 
7ff822bf1000-7ff822cef000 rw-p 00000000 00:00 0 
7ff822cef000-7ff822cf2000 ---p 00000000 00:00 0 
7ff822cf2000-7ff822df0000 rw-p 00000000 00:00 0 
7ff822df0000-7ff822df3000 ---p 00000000 00:00 0 
7ff822df3000-7ff822ef1000 rw-p 00000000 00:00 0 
7ff822ef1000-7ff822ef4000 ---p 00000000 00:00 0 
7ff822ef4000-7ff822ff2000 rw-p 00000000 00:00 0 
7ff822ff2000-7ff822ff5000 ---p 00000000 00:00 0 
7ff822ff5000-7ff8230f3000 rw-p 00000000 00:00 0 
7ff8230f3000-7ff8230f6000 ---p 00000000 00:00 0 
7ff8230f6000-7ff8231f4000 rw-p 00000000 00:00 0 
7ff8231f4000-7ff8231f7000 ---p 00000000 00:00 0 
7ff8231f7000-7ff8232f5000 rw-p 00000000 00:00 0 
7ff8232f5000-7ff8232f8000 ---p 00000000 00:00 0 
7ff8232f8000-7ff8233f6000 rw-p 00000000 00:00 0 
7ff8233f6000-7ff8233f9000 ---p 00000000 00:00 0 
7ff8233f9000-7ff8234f7000 rw-p 00000000 00:00 0 
7ff8234f7000-7ff8234fa000 ---p 00000000 00:00 0 
7ff8234fa000-7ff8235f8000 rw-p 00000000 00:00 0 
7ff8235f8000-7ff8235fb000 ---p 00000000 00:00 0 
7ff8235fb000-7ff8238f9000 rw-p 00000000 00:00 0 
7ff8238f9000-7ff8238fc000 ---p 00000000 00:00 0 
7ff8238fc000-7ff8239fa000 rw-p 00000000 00:00 0 
7ff8239fa000-7ff8239fd000 ---p 00000000 00:00 0 
7ff8239fd000-7ff823afb000 rw-p 00000000 00:00 0 
7ff823afb000-7ff823afe000 ---p 00000000 00:00 0 
7ff823afe000-7ff823bfc000 rw-p 00000000 00:00 0 
7ff823bfc000-7ff823bff000 ---p 00000000 00:00 0 
7ff823bff000-7ff823cfd000 rw-p 00000000 00:00 0 
7ff823cfd000-7ff823d00000 ---p 00000000 00:00 0 
7ff823d00000-7ff823dfe000 rw-p 00000000 00:00 0 
7ff823dfe000-7ff823e01000 ---p 00000000 00:00 0 
7ff823e01000-7ff823eff000 rw-p 00000000 00:00 0 
7ff823eff000-7ff823f02000 ---p 00000000 00:00 0 
7ff823f02000-7ff824000000 rw-p 00000000 00:00 0 
7ff824000000-7ff824021000 rw-p 00000000 00:00 0 
7ff824021000-7ff828000000 ---p 00000000 00:00 0 
7ff828000000-7ff82830e000 rw-p 00000000 00:00 0 
7ff82830e000-7ff82c000000 ---p 00000000 00:00 0 
7ff82c000000-7ff82c030000 rw-p 00000000 00:00 0 
7ff82c030000-7ff830000000 ---p 00000000 00:00 0 
7ff830000000-7ff830021000 rw-p 00000000 00:00 0 
7ff830021000-7ff834000000 ---p 00000000 00:00 0 
7ff834000000-7ff834055000 rw-p 00000000 00:00 0 
7ff834055000-7ff838000000 ---p 00000000 00:00 0 
7ff838000000-7ff838021000 rw-p 00000000 00:00 0 
7ff838021000-7ff83c000000 ---p 00000000 00:00 0 
7ff83c000000-7ff83d8bb000 rw-p 00000000 00:00 0 
7ff83d8bb000-7ff840000000 ---p 00000000 00:00 0 
7ff840000000-7ff84043d000 rw-p 00000000 00:00 0 
7ff84043d000-7ff844000000 ---p 00000000 00:00 0 
7ff844000000-7ff844021000 rw-p 00000000 00:00 0 
7ff844021000-7ff848000000 ---p 00000000 00:00 0 
7ff848000000-7ff848085000 rw-p 00000000 00:00 0 
7ff848085000-7ff84c000000 ---p 00000000 00:00 0 
7ff84c000000-7ff84c021000 rw-p 00000000 00:00 0 
7ff84c021000-7ff850000000 ---p 00000000 00:00 0 
7ff850000000-7ff850021000 rw-p 00000000 00:00 0 
7ff850021000-7ff854000000 ---p 00000000 00:00 0 
7ff854000000-7ff85405c000 rw-p 00000000 00:00 0 
7ff85405c000-7ff858000000 ---p 00000000 00:00 0 
7ff858000000-7ff858021000 rw-p 00000000 00:00 0 
7ff858021000-7ff85c000000 ---p 00000000 00:00 0 
7ff85c0cb000-7ff85c0de000 r--s 00346000 08:01 2625328                    /usr/lib/jvm/java-8-openjdk-amd64/jre/lib/resources.jar
7ff85c0de000-7ff85c2de000 rw-p 00000000 00:00 0 
7ff85c2de000-7ff85c4de000 rw-p 00000000 00:00 0 
7ff85c4de000-7ff85c6de000 rw-p 00000000 00:00 0 
7ff85c6de000-7ff85c8de000 rw-p 00000000 00:00 0 
7ff85c8de000-7ff85c8e1000 ---p 00000000 00:00 0 
7ff85c8e1000-7ff85cbdf000 rw-p 00000000 00:00 0 
7ff85cbdf000-7ff85cddf000 rw-p 00000000 00:00 0 
7ff85cddf000-7ff85cfdf000 rw-p 00000000 00:00 0 
7ff85cfdf000-7ff85d1df000 rw-p 00000000 00:00 0 
7ff85d1df000-7ff85d1e2000 ---p 00000000 00:00 0 
7ff85d1e2000-7ff85d4e0000 rw-p 00000000 00:00 0 
7ff85d4e0000-7ff85d4e3000 ---p 00000000 00:00 0 
7ff85d4e3000-7ff85d7e1000 rw-p 00000000 00:00 0 
7ff85d7e1000-7ff85d809000 r-xp 00000000 08:01 2625259                    /usr/lib/jvm/java-8-openjdk-amd64/jre/lib/amd64/libsunec.so
7ff85d809000-7ff85da08000 ---p 00028000 08:01 2625259                    /usr/lib/jvm/java-8-openjdk-amd64/jre/lib/amd64/libsunec.so
7ff85da08000-7ff85da0c000 r--p 00027000 08:01 2625259                    /usr/lib/jvm/java-8-openjdk-amd64/jre/lib/amd64/libsunec.so
7ff85da0c000-7ff85da0d000 rw-p 0002b000 08:01 2625259                    /usr/lib/jvm/java-8-openjdk-amd64/jre/lib/amd64/libsunec.so
7ff85da0d000-7ff85da0f000 r--s 00016000 08:01 2625321                    /usr/lib/jvm/java-8-openjdk-amd64/jre/lib/jce.jar
7ff85da0f000-7ff85da14000 r--s 002f9000 08:01 2625266                    /usr/lib/jvm/java-8-openjdk-amd64/jre/lib/charsets.jar
7ff85da14000-7ff85dc14000 rw-p 00000000 00:00 0 
7ff85dc14000-7ff85dc17000 ---p 00000000 00:00 0 
7ff85dc17000-7ff85dd15000 rw-p 00000000 00:00 0 
7ff85dd15000-7ff85dd18000 ---p 00000000 00:00 0 
7ff85dd18000-7ff85de16000 rw-p 00000000 00:00 0 
7ff85de16000-7ff85de19000 ---p 00000000 00:00 0 
7ff85de19000-7ff85e115000 rw-p 00000000 00:00 0 
7ff85e115000-7ff85e117000 ---p 00000000 00:00 0 
7ff85e117000-7ff85e317000 rw-p 00000000 00:00 0 
7ff85e317000-7ff85e517000 rw-p 00000000 00:00 0 
7ff85e517000-7ff85e717000 rw-p 00000000 00:00 0 
7ff85e717000-7ff85e917000 rw-p 00000000 00:00 0 
7ff85e917000-7ff85eb17000 rw-p 00000000 00:00 0 
7ff85eb17000-7ff85ed17000 rw-p 00000000 00:00 0 
7ff85ed17000-7ff85ef17000 rw-p 00000000 00:00 0 
7ff85ef17000-7ff85f117000 rw-p 00000000 00:00 0 
7ff85f117000-7ff85f317000 rw-p 00000000 00:00 0 
7ff85f317000-7ff85f31a000 ---p 00000000 00:00 0 
7ff85f31a000-7ff85f418000 rw-p 00000000 00:00 0 
7ff85f418000-7ff85f41b000 ---p 00000000 00:00 0 
7ff85f41b000-7ff85f519000 rw-p 00000000 00:00 0 
7ff85f519000-7ff85f51c000 ---p 00000000 00:00 0 
7ff85f51c000-7ff85f81a000 rw-p 00000000 00:00 0 
7ff85f81a000-7ff85f81b000 ---p 00000000 00:00 0 
7ff85f81b000-7ff85f91b000 rw-p 00000000 00:00 0 
7ff85f91b000-7ff85f91e000 ---p 00000000 00:00 0 
7ff85f91e000-7ff85fa1c000 rw-p 00000000 00:00 0 
7ff85fa1c000-7ff85fa1f000 ---p 00000000 00:00 0 
7ff85fa1f000-7ff85fb1d000 rw-p 00000000 00:00 0 
7ff85fb1d000-7ff85fb20000 ---p 00000000 00:00 0 
7ff85fb20000-7ff85fc1e000 rw-p 00000000 00:00 0 
7ff85fc1e000-7ff85fc23000 r--s 000a3000 08:01 2625323                    /usr/lib/jvm/java-8-openjdk-amd64/jre/lib/jsse.jar
7ff85fc23000-7ff85fc7c000 r--s 0034c000 08:01 13505849                   /home/admin1/.m2/repository/org/modelmapper/modelmapper/2.3.5/modelmapper-2.3.5.jar
7ff85fc7c000-7ff85fc7f000 r--s 0001d000 08:01 14943687                   /home/admin1/.m2/repository/org/apache/commons/commons-pool2/2.6.2/commons-pool2-2.6.2.jar
7ff85fc7f000-7ff85fc8b000 r--s 0007e000 08:01 13505847                   /home/admin1/.m2/repository/redis/clients/jedis/2.9.3/jedis-2.9.3.jar
7ff85fc8b000-7ff85fc8c000 r--s 00002000 08:01 13505844                   /home/admin1/.m2/repository/org/reactivestreams/reactive-streams/1.0.3/reactive-streams-1.0.3.jar
7ff85fc8c000-7ff85fca1000 r--s 00155000 08:01 13505832                   /home/admin1/.m2/repository/io/projectreactor/reactor-core/3.2.14.RELEASE/reactor-core-3.2.14.RELEASE.jar
7ff85fca1000-7ff85fcab000 r--s 0006a000 08:01 13505804                   /home/admin1/.m2/repository/io/netty/netty-transport/4.1.45.Final/netty-transport-4.1.45.Final.jar
7ff85fcab000-7ff85fcb3000 r--s 00066000 08:01 13505803                   /home/admin1/.m2/repository/io/netty/netty-handler/4.1.45.Final/netty-handler-4.1.45.Final.jar
7ff85fcb3000-7ff85fcc0000 r--s 00089000 08:01 13505807                   /home/admin1/.m2/repository/io/netty/netty-common/4.1.45.Final/netty-common-4.1.45.Final.jar
7ff85fcc0000-7ff85fcd9000 r--s 00132000 08:01 13505774                   /home/admin1/.m2/repository/io/lettuce/lettuce-core/5.1.8.RELEASE/lettuce-core-5.1.8.RELEASE.jar
7ff85fcd9000-7ff85fcdb000 r--s 00010000 08:01 15603548                   /home/admin1/.m2/repository/org/springframework/spring-oxm/5.1.13.RELEASE/spring-oxm-5.1.13.RELEASE.jar
7ff85fcdb000-7ff85fcde000 r--s 00017000 08:01 13505719                   /home/admin1/.m2/repository/org/springframework/data/spring-data-keyvalue/2.1.15.RELEASE/spring-data-keyvalue-2.1.15.RELEASE.jar
7ff85fcde000-7ff85fcf9000 r--s 00148000 08:01 13505801                   /home/admin1/.m2/repository/org/springframework/data/spring-data-redis/2.1.15.RELEASE/spring-data-redis-2.1.15.RELEASE.jar
7ff85fcf9000-7ff85fcfa000 r--s 00000000 08:01 13505715                   /home/admin1/.m2/repository/org/springframework/boot/spring-boot-starter-data-redis/2.1.12.RELEASE/spring-boot-starter-data-redis-2.1.12.RELEASE.jar
7ff85fcfa000-7ff85fcfd000 r--s 00016000 08:01 13505727                   /home/admin1/.m2/repository/com/github/spullara/mustache/java/compiler/0.9.3/compiler-0.9.3.jar
7ff85fcfd000-7ff85fcff000 r--s 0000e000 08:01 13503938                   /home/admin1/.m2/repository/org/elasticsearch/plugin/lang-mustache-client/6.4.3/lang-mustache-client-6.4.3.jar
7ff85fcff000-7ff85fd01000 r--s 00011000 08:01 13503931                   /home/admin1/.m2/repository/org/elasticsearch/plugin/rank-eval-client/6.4.3/rank-eval-client-6.4.3.jar
7ff85fd01000-7ff85fd03000 r--s 0000d000 08:01 13634071                   /home/admin1/.m2/repository/org/elasticsearch/plugin/aggs-matrix-stats-client/6.4.3/aggs-matrix-stats-client-6.4.3.jar
7ff85fd03000-7ff85fd05000 r--s 00011000 08:01 13500417                   /home/admin1/.m2/repository/org/elasticsearch/plugin/parent-join-client/6.4.3/parent-join-client-6.4.3.jar
7ff85fd05000-7ff85fd0d000 r--s 00053000 08:01 13505709                   /home/admin1/.m2/repository/org/apache/httpcomponents/httpcore-nio/4.4.13/httpcore-nio-4.4.13.jar
7ff85fd0d000-7ff85fd10000 r--s 00029000 08:01 13505704                   /home/admin1/.m2/repository/org/apache/httpcomponents/httpasyncclient/4.1.4/httpasyncclient-4.1.4.jar
7ff85fd10000-7ff85fd18000 r--s 00049000 08:01 13505703                   /home/admin1/.m2/repository/org/apache/httpcomponents/httpcore/4.4.13/httpcore-4.4.13.jar
7ff85fd18000-7ff85fd25000 r--s 000b1000 08:01 13505702                   /home/admin1/.m2/repository/org/apache/httpcomponents/httpclient/4.5.10/httpclient-4.5.10.jar
7ff85fd25000-7ff85fd27000 r--s 0000c000 08:01 13505698                   /home/admin1/.m2/repository/org/elasticsearch/client/elasticsearch-rest-client/6.4.3/elasticsearch-rest-client-6.4.3.jar
7ff85fd27000-7ff85fd2b000 r--s 000d5000 08:01 13505696                   /home/admin1/.m2/repository/org/elasticsearch/jna/4.5.1/jna-4.5.1.jar
7ff85fd2b000-7ff85fd31000 r--s 0003c000 08:01 16124547                   /home/admin1/.m2/repository/org/apache/logging/log4j/log4j-api/2.11.2/log4j-api-2.11.2.jar
7ff85fd31000-7ff85fd33000 r--s 0001a000 08:01 13505694                   /home/admin1/.m2/repository/org/hdrhistogram/HdrHistogram/2.1.9/HdrHistogram-2.1.9.jar
7ff85fd33000-7ff85fd35000 r--s 0000b000 08:01 13505689                   /home/admin1/.m2/repository/com/tdunning/t-digest/3.2/t-digest-3.2.jar
7ff85fd35000-7ff85fd4c000 r--s 00100000 08:01 13505690                   /home/admin1/.m2/repository/com/carrotsearch/hppc/0.7.1/hppc-0.7.1.jar
7ff85fd4c000-7ff85fd4f000 r--s 00011000 08:01 14422126                   /home/admin1/.m2/repository/net/sf/jopt-simple/jopt-simple/5.0.2/jopt-simple-5.0.2.jar
7ff85fd4f000-7ff85fd50000 r--s 00003000 08:01 13505671                   /home/admin1/.m2/repository/org/elasticsearch/elasticsearch-cli/6.4.3/elasticsearch-cli-6.4.3.jar
7ff85fd50000-7ff85fd55000 r--s 00038000 08:01 13505678                   /home/admin1/.m2/repository/org/apache/lucene/lucene-suggest/7.4.0/lucene-suggest-7.4.0.jar
7ff85fd55000-7ff85fd5a000 r--s 00045000 08:01 13505685                   /home/admin1/.m2/repository/org/apache/lucene/lucene-spatial3d/7.4.0/lucene-spatial3d-7.4.0.jar
7ff85fd5a000-7ff85fd5f000 r--s 00035000 08:01 13505682                   /home/admin1/.m2/repository/org/apache/lucene/lucene-spatial-extras/7.4.0/lucene-spatial-extras-7.4.0.jar
7ff85fd5f000-7ff85fd60000 r--s 00003000 08:01 13505659                   /home/admin1/.m2/repository/org/apache/lucene/lucene-spatial/7.4.0/lucene-spatial-7.4.0.jar
7ff85fd60000-7ff85fd65000 r--s 00036000 08:01 13505674                   /home/admin1/.m2/repository/org/apache/lucene/lucene-sandbox/7.4.0/lucene-sandbox-7.4.0.jar
7ff85fd65000-7ff85fd6f000 r--s 00054000 08:01 13505672                   /home/admin1/.m2/repository/org/apache/lucene/lucene-queryparser/7.4.0/lucene-queryparser-7.4.0.jar
7ff85fd6f000-7ff85fd76000 r--s 0003a000 08:01 13505669                   /home/admin1/.m2/repository/org/apache/lucene/lucene-queries/7.4.0/lucene-queries-7.4.0.jar
7ff85fd76000-7ff85fd79000 r--s 00014000 08:01 13505665                   /home/admin1/.m2/repository/org/apache/lucene/lucene-misc/7.4.0/lucene-misc-7.4.0.jar
7ff85fd79000-7ff85fd7b000 r--s 0000a000 08:01 13505657                   /home/admin1/.m2/repository/org/apache/lucene/lucene-memory/7.4.0/lucene-memory-7.4.0.jar
7ff85fd7b000-7ff85fd7f000 r--s 00020000 08:01 13505662                   /home/admin1/.m2/repository/org/apache/lucene/lucene-join/7.4.0/lucene-join-7.4.0.jar
7ff85fd7f000-7ff85fd83000 r--s 0002c000 08:01 13505655                   /home/admin1/.m2/repository/org/apache/lucene/lucene-highlighter/7.4.0/lucene-highlighter-7.4.0.jar
7ff85fd83000-7ff85fd86000 r--s 00013000 08:01 13505653                   /home/admin1/.m2/repository/org/apache/lucene/lucene-grouping/7.4.0/lucene-grouping-7.4.0.jar
7ff85fd86000-7ff85fd89000 r--s 00016000 08:01 13505651                   /home/admin1/.m2/repository/org/apache/lucene/lucene-backward-codecs/7.4.0/lucene-backward-codecs-7.4.0.jar
7ff85fd89000-7ff85fd9b000 r--s 00182000 08:01 13505649                   /home/admin1/.m2/repository/org/apache/lucene/lucene-analyzers-common/7.4.0/lucene-analyzers-common-7.4.0.jar
7ff85fd9b000-7ff85fdcb000 r--s 0029b000 08:01 13505648                   /home/admin1/.m2/repository/org/apache/lucene/lucene-core/7.4.0/lucene-core-7.4.0.jar
7ff85fdcb000-7ff85fdcd000 r--s 0000b000 08:01 13505646                   /home/admin1/.m2/repository/com/fasterxml/jackson/dataformat/jackson-dataformat-cbor/2.9.10/jackson-dataformat-cbor-2.9.10.jar
7ff85fdcd000-7ff85fdcf000 r--s 00009000 08:01 13505638                   /home/admin1/.m2/repository/com/fasterxml/jackson/dataformat/jackson-dataformat-yaml/2.9.10/jackson-dataformat-yaml-2.9.10.jar
7ff85fdcf000-7ff85fdd1000 r--s 00013000 08:01 13505634                   /home/admin1/.m2/repository/com/fasterxml/jackson/dataformat/jackson-dataformat-smile/2.9.10/jackson-dataformat-smile-2.9.10.jar
7ff85fdd1000-7ff85fdd4000 r--s 00019000 08:01 13505626                   /home/admin1/.m2/repository/org/elasticsearch/elasticsearch-x-content/6.4.3/elasticsearch-x-content-6.4.3.jar
7ff85fdd4000-7ff85fdd5000 r--s 00002000 08:01 13505616                   /home/admin1/.m2/repository/org/elasticsearch/elasticsearch-secure-sm/6.4.3/elasticsearch-secure-sm-6.4.3.jar
7ff85fdd5000-7ff85fdd7000 r--s 00007000 08:01 13505603                   /home/admin1/.m2/repository/org/elasticsearch/elasticsearch-core/6.4.3/elasticsearch-core-6.4.3.jar
7ff85fdd7000-7ff85fe77000 r--s 00917000 08:01 13505612                   /home/admin1/.m2/repository/org/elasticsearch/elasticsearch/6.4.3/elasticsearch-6.4.3.jar
7ff85fe77000-7ff85fe79000 r--s 00018000 08:01 13634069                   /home/admin1/.m2/repository/org/elasticsearch/client/elasticsearch-rest-high-level-client/6.4.3/elasticsearch-rest-high-level-client-6.4.3.jar
7ff85fe79000-7ff85fe7b000 r--s 00007000 08:01 13505595                   /home/admin1/.m2/repository/io/netty/netty-resolver/4.1.45.Final/netty-resolver-4.1.45.Final.jar
7ff85fe7b000-7ff85fe86000 r--s 0008a000 08:01 13505602                   /home/admin1/.m2/repository/io/netty/netty-codec-http/4.1.45.Final/netty-codec-http-4.1.45.Final.jar
7ff85fe86000-7ff85fe8c000 r--s 00048000 08:01 13505569                   /home/admin1/.m2/repository/io/netty/netty-codec/4.1.45.Final/netty-codec-4.1.45.Final.jar
7ff85fe8c000-7ff85fe8f000 r--s 00041000 08:01 13505594                   /home/admin1/.m2/repository/io/netty/netty-buffer/4.1.45.Final/netty-buffer-4.1.45.Final.jar
7ff85fe8f000-7ff85fe91000 r--s 00013000 08:01 13505586                   /home/admin1/.m2/repository/org/elasticsearch/plugin/transport-netty4-client/6.4.3/transport-netty4-client-6.4.3.jar
7ff85fe91000-7ff85fe92000 r--s 00011000 08:01 13505570                   /home/admin1/.m2/repository/org/elasticsearch/plugin/percolator-client/6.4.3/percolator-client-6.4.3.jar
7ff85fe92000-7ff85fe94000 r--s 00019000 08:01 13505574                   /home/admin1/.m2/repository/org/elasticsearch/plugin/reindex-client/6.4.3/reindex-client-6.4.3.jar
7ff85fe94000-7ff85fe95000 r--s 00001000 08:01 13505575                   /home/admin1/.m2/repository/org/elasticsearch/client/transport/6.4.3/transport-6.4.3.jar
7ff85fe95000-7ff85fea5000 r--s 0008d000 08:01 13505565                   /home/admin1/.m2/repository/joda-time/joda-time/2.10.5/joda-time-2.10.5.jar
7ff85fea5000-7ff85feab000 r--s 00033000 08:01 13505560                   /home/admin1/.m2/repository/org/springframework/data/spring-data-elasticsearch/3.1.15.RELEASE/spring-data-elasticsearch-3.1.15.RELEASE.jar
7ff85feab000-7ff85feac000 r--s 00000000 08:01 13505551                   /home/admin1/.m2/repository/org/springframework/boot/spring-boot-starter-data-elasticsearch/2.1.12.RELEASE/spring-boot-starter-data-elasticsearch-2.1.12.RELEASE.jar
7ff85feac000-7ff85feb0000 r--s 0001c000 08:01 13505547                   /home/admin1/.m2/repository/org/springframework/retry/spring-retry/1.2.5.RELEASE/spring-retry-1.2.5.RELEASE.jar
7ff85feb0000-7ff85feb5000 r--s 0001e000 08:01 13505545                   /home/admin1/.m2/repository/org/springframework/amqp/spring-amqp/2.1.13.RELEASE/spring-amqp-2.1.13.RELEASE.jar
7ff85feb5000-7ff85fec2000 r--s 00083000 08:01 13505543                   /home/admin1/.m2/repository/com/rabbitmq/amqp-client/5.4.3/amqp-client-5.4.3.jar
7ff85fec2000-7ff85feca000 r--s 00071000 08:01 13505541                   /home/admin1/.m2/repository/org/springframework/amqp/spring-rabbit/2.1.13.RELEASE/spring-rabbit-2.1.13.RELEASE.jar
7ff85feca000-7ff85fed2000 r--s 00056000 08:01 13505539                   /home/admin1/.m2/repository/org/springframework/spring-messaging/5.1.13.RELEASE/spring-messaging-5.1.13.RELEASE.jar
7ff85fed2000-7ff85fed3000 r--s 00000000 08:01 13505537                   /home/admin1/.m2/repository/org/springframework/boot/spring-boot-starter-amqp/2.1.12.RELEASE/spring-boot-starter-amqp-2.1.12.RELEASE.jar
7ff85fed3000-7ff85fed5000 r--s 002c4000 08:01 13505535                   /home/admin1/.m2/repository/io/springfox/springfox-swagger-ui/2.9.2/springfox-swagger-ui-2.9.2.jar
7ff85fed5000-7ff85fed7000 r--s 00004000 08:01 13505533                   /home/admin1/.m2/repository/org/mapstruct/mapstruct/1.2.0.Final/mapstruct-1.2.0.Final.jar
7ff85fed7000-7ff85fed9000 r--s 00000000 08:01 13505531                   /home/admin1/.m2/repository/org/springframework/plugin/spring-plugin-metadata/1.2.0.RELEASE/spring-plugin-metadata-1.2.0.RELEASE.jar
7ff85fed9000-7ff85feda000 r--s 00004000 08:01 13505529                   /home/admin1/.m2/repository/org/springframework/plugin/spring-plugin-core/1.2.0.RELEASE/spring-plugin-core-1.2.0.RELEASE.jar
7ff85feda000-7ff85fedc000 r--s 00009000 08:01 14680457                   /home/admin1/.m2/repository/org/slf4j/slf4j-api/1.7.30/slf4j-api-1.7.30.jar
7ff85fedc000-7ff85fede000 r--s 0000f000 08:01 15731157                   /home/admin1/.m2/repository/com/fasterxml/classmate/1.4.0/classmate-1.4.0.jar
7ff85fede000-7ff85ff0d000 r--s 00226000 08:01 13505527                   /home/admin1/.m2/repository/com/google/guava/guava/20.0/guava-20.0.jar
7ff85ff0d000-7ff85ff12000 r--s 0002b000 08:01 13505525                   /home/admin1/.m2/repository/io/springfox/springfox-spring-web/2.9.2/springfox-spring-web-2.9.2.jar
7ff85ff12000-7ff85ff16000 r--s 00017000 08:01 13505522                   /home/admin1/.m2/repository/io/springfox/springfox-swagger-common/2.9.2/springfox-swagger-common-2.9.2.jar
7ff85ff16000-7ff85ff19000 r--s 00012000 08:01 13505440                   /home/admin1/.m2/repository/io/springfox/springfox-schema/2.9.2/springfox-schema-2.9.2.jar
7ff85ff19000-7ff85ff1d000 r--s 00019000 08:01 13504714                   /home/admin1/.m2/repository/io/springfox/springfox-core/2.9.2/springfox-core-2.9.2.jar
7ff85ff1d000-7ff85ff20000 r--s 0000b000 08:01 13504712                   /home/admin1/.m2/repository/io/springfox/springfox-spi/2.9.2/springfox-spi-2.9.2.jar
7ff85ff20000-7ff85ff24000 r--s 00022000 08:01 13504710                   /home/admin1/.m2/repository/io/swagger/swagger-models/1.5.20/swagger-models-1.5.20.jar
7ff85ff24000-7ff85ff26000 r--s 00004000 08:01 13504686                   /home/admin1/.m2/repository/io/swagger/swagger-annotations/1.5.20/swagger-annotations-1.5.20.jar
7ff85ff26000-7ff85ff29000 r--s 0000e000 08:01 13504684                   /home/admin1/.m2/repository/io/springfox/springfox-swagger2/2.9.2/springfox-swagger2-2.9.2.jar
7ff85ff29000-7ff85ff30000 r--s 0004b000 08:01 16124996                   /home/admin1/.m2/repository/commons-codec/commons-codec/1.11/commons-codec-1.11.jar
7ff85ff30000-7ff85ff32000 r--s 0000b000 08:01 13504682                   /home/admin1/.m2/repository/com/auth0/java-jwt/3.3.0/java-jwt-3.3.0.jar
7ff85ff32000-7ff85ff34000 r--s 0000e000 08:01 16124994                   /home/admin1/.m2/repository/javax/activation/activation/1.1/activation-1.1.jar
7ff85ff34000-7ff85ff3c000 r--s 00099000 08:01 16124992                   /home/admin1/.m2/repository/com/sun/mail/javax.mail/1.6.2/javax.mail-1.6.2.jar
7ff85ff3c000-7ff85ff41000 r--s 00028000 08:01 13504680                   /home/admin1/.m2/repository/org/springframework/spring-context-support/5.1.13.RELEASE/spring-context-support-5.1.13.RELEASE.jar
7ff85ff41000-7ff85ff42000 r--s 00000000 08:01 13504678                   /home/admin1/.m2/repository/org/springframework/boot/spring-boot-starter-mail/2.1.12.RELEASE/spring-boot-starter-mail-2.1.12.RELEASE.jar
7ff85ff42000-7ff85ff44000 r--s 00010000 08:01 16124990                   /home/admin1/.m2/repository/org/springframework/security/spring-security-crypto/5.1.7.RELEASE/spring-security-crypto-5.1.7.RELEASE.jar
7ff85ff44000-7ff85ff46000 r--s 0000a000 08:01 16124534                   /home/admin1/.m2/repository/org/springframework/spring-aspects/5.1.13.RELEASE/spring-aspects-5.1.13.RELEASE.jar
7ff85ff46000-7ff85ff4e000 r--s 00037000 08:01 16124516                   /home/admin1/.m2/repository/org/springframework/spring-tx/5.1.13.RELEASE/spring-tx-5.1.13.RELEASE.jar
7ff85ff4e000-7ff85ff52000 r--s 0002d000 08:01 16124530                   /home/admin1/.m2/repository/org/springframework/spring-orm/5.1.13.RELEASE/spring-orm-5.1.13.RELEASE.jar
7ff85ff52000-7ff85ff6a000 r--s 00108000 08:01 16124529                   /home/admin1/.m2/repository/org/springframework/data/spring-data-commons/2.1.15.RELEASE/spring-data-commons-2.1.15.RELEASE.jar
7ff85ff6a000-7ff85ff72000 r--s 00051000 08:01 16124527                   /home/admin1/.m2/repository/org/springframework/data/spring-data-jpa/2.1.15.RELEASE/spring-data-jpa-2.1.15.RELEASE.jar
7ff85ff72000-7ff85ff78000 r--s 00047000 08:01 16123823                   /home/admin1/.m2/repository/com/sun/xml/fastinfoset/FastInfoset/1.2.15/FastInfoset-1.2.15.jar
7ff85ff78000-7ff85ff7a000 r--s 00005000 08:01 16123819                   /home/admin1/.m2/repository/com/sun/istack/istack-commons-runtime/3.0.7/istack-commons-runtime-3.0.7.jar
7ff85ff7a000-7ff85ff7d000 r--s 0000f000 08:01 13897462                   /home/admin1/.m2/repository/org/glassfish/jaxb/txw2/2.3.1/txw2-2.3.1.jar
7ff85ff7d000-7ff860000000 r--s 0062d000 08:01 16124515                   /home/admin1/.m2/repository/org/hibernate/hibernate-core/5.3.15.Final/hibernate-core-5.3.15.Final.jar
7ff860000000-7ff860021000 rw-p 00000000 00:00 0 
7ff860021000-7ff864000000 ---p 00000000 00:00 0 
7ff864000000-7ff8647e5000 rw-p 00000000 00:00 0 
7ff8647e5000-7ff868000000 ---p 00000000 00:00 0 
7ff868000000-7ff868021000 rw-p 00000000 00:00 0 
7ff868021000-7ff86c000000 ---p 00000000 00:00 0 
7ff86c000000-7ff86c056000 rw-p 00000000 00:00 0 
7ff86c056000-7ff870000000 ---p 00000000 00:00 0 
7ff870000000-7ff870021000 rw-p 00000000 00:00 0 
7ff870021000-7ff874000000 ---p 00000000 00:00 0 
7ff874000000-7ff874021000 rw-p 00000000 00:00 0 
7ff874021000-7ff878000000 ---p 00000000 00:00 0 
7ff878000000-7ff878025000 rw-p 00000000 00:00 0 
7ff878025000-7ff87c000000 ---p 00000000 00:00 0 
7ff87c000000-7ff87c052000 rw-p 00000000 00:00 0 
7ff87c052000-7ff880000000 ---p 00000000 00:00 0 
7ff880000000-7ff880021000 rw-p 00000000 00:00 0 
7ff880021000-7ff884000000 ---p 00000000 00:00 0 
7ff884000000-7ff884021000 rw-p 00000000 00:00 0 
7ff884021000-7ff888000000 ---p 00000000 00:00 0 
7ff888000000-7ff888001000 r--s 00008000 08:01 16123821                   /home/admin1/.m2/repository/org/jvnet/staxex/stax-ex/1.8/stax-ex-1.8.jar
7ff888001000-7ff888015000 r--s 000f7000 08:01 13765246                   /home/admin1/.m2/repository/org/glassfish/jaxb/jaxb-runtime/2.3.1/jaxb-runtime-2.3.1.jar
7ff888015000-7ff888018000 r--s 00010000 08:01 16124523                   /home/admin1/.m2/repository/org/hibernate/common/hibernate-commons-annotations/5.0.4.Final/hibernate-commons-annotations-5.0.4.Final.jar
7ff888018000-7ff88801d000 r--s 0004b000 08:01 15991241                   /home/admin1/.m2/repository/org/dom4j/dom4j/2.1.1/dom4j-2.1.1.jar
7ff88801d000-7ff888020000 r--s 0002b000 08:01 14550275                   /home/admin1/.m2/repository/org/jboss/jandex/2.0.5.Final/jandex-2.0.5.Final.jar
7ff888020000-7ff888025000 r--s 00068000 08:01 15991239                   /home/admin1/.m2/repository/antlr/antlr/2.7.7/antlr-2.7.7.jar
7ff888025000-7ff888030000 r--s 000b2000 08:01 16124521                   /home/admin1/.m2/repository/org/javassist/javassist/3.23.2-GA/javassist-3.23.2-GA.jar
7ff888030000-7ff888036000 r--s 00023000 08:01 13765231                   /home/admin1/.m2/repository/javax/persistence/javax.persistence-api/2.2/javax.persistence-api-2.2.jar
7ff888036000-7ff888038000 r--s 0000c000 08:01 14550277                   /home/admin1/.m2/repository/javax/activation/javax.activation-api/1.2.0/javax.activation-api-1.2.0.jar
7ff888038000-7ff88803c000 r--s 0001c000 08:01 14550279                   /home/admin1/.m2/repository/javax/xml/bind/jaxb-api/2.3.1/jaxb-api-2.3.1.jar
7ff88803c000-7ff88803d000 r--s 00006000 08:01 16124511                   /home/admin1/.m2/repository/javax/transaction/javax.transaction-api/1.3/javax.transaction-api-1.3.jar
7ff88803d000-7ff888046000 r--s 0005a000 08:01 16124510                   /home/admin1/.m2/repository/org/springframework/spring-jdbc/5.1.13.RELEASE/spring-jdbc-5.1.13.RELEASE.jar
7ff888046000-7ff88804a000 r--s 00020000 08:01 16124509                   /home/admin1/.m2/repository/com/zaxxer/HikariCP/3.2.0/HikariCP-3.2.0.jar
7ff88804a000-7ff88804b000 r--s 00000000 08:01 16124484                   /home/admin1/.m2/repository/org/springframework/boot/spring-boot-starter-jdbc/2.1.12.RELEASE/spring-boot-starter-jdbc-2.1.12.RELEASE.jar
7ff88804b000-7ff888064000 r--s 001da000 08:01 15991223                   /home/admin1/.m2/repository/org/aspectj/aspectjweaver/1.9.5/aspectjweaver-1.9.5.jar
7ff888064000-7ff888065000 r--s 00000000 08:01 16124503                   /home/admin1/.m2/repository/org/springframework/boot/spring-boot-starter-aop/2.1.12.RELEASE/spring-boot-starter-aop-2.1.12.RELEASE.jar
7ff888065000-7ff888066000 r--s 00000000 08:01 16124505                   /home/admin1/.m2/repository/org/springframework/boot/spring-boot-starter-data-jpa/2.1.12.RELEASE/spring-boot-starter-data-jpa-2.1.12.RELEASE.jar
7ff888066000-7ff88807d000 r--s 00198000 08:01 16124575                   /home/admin1/.m2/repository/org/projectlombok/lombok/1.18.10/lombok-1.18.10.jar
7ff88807d000-7ff888082000 r--s 00040000 08:01 16124569                   /home/admin1/.m2/repository/org/springframework/spring-expression/5.1.13.RELEASE/spring-expression-5.1.13.RELEASE.jar
7ff888082000-7ff88809c000 r--s 000f4000 08:01 16124533                   /home/admin1/.m2/repository/org/springframework/spring-context/5.1.13.RELEASE/spring-context-5.1.13.RELEASE.jar
7ff88809c000-7ff8880a8000 r--s 00099000 08:01 16124519                   /home/admin1/.m2/repository/org/springframework/spring-beans/5.1.13.RELEASE/spring-beans-5.1.13.RELEASE.jar
7ff8880a8000-7ff8880b7000 r--s 00075000 08:01 16124986                   /home/admin1/.m2/repository/org/springframework/security/spring-security-web/5.1.7.RELEASE/spring-security-web-5.1.7.RELEASE.jar
7ff8880b7000-7ff8880c4000 r--s 000b1000 08:01 16124984                   /home/admin1/.m2/repository/org/springframework/security/spring-security-config/5.1.7.RELEASE/spring-security-config-5.1.7.RELEASE.jar
7ff8880c4000-7ff8880cd000 r--s 00052000 08:01 16124501                   /home/admin1/.m2/repository/org/springframework/spring-aop/5.1.13.RELEASE/spring-aop-5.1.13.RELEASE.jar
7ff8880cd000-7ff8880ce000 r--s 00000000 08:01 13504676                   /home/admin1/.m2/repository/org/springframework/boot/spring-boot-starter-security/2.1.12.RELEASE/spring-boot-starter-security-2.1.12.RELEASE.jar
7ff8880ce000-7ff8880cf000 r--s 00005000 08:01 16124593                   /home/admin1/.m2/repository/org/springframework/spring-jcl/5.1.13.RELEASE/spring-jcl-5.1.13.RELEASE.jar
7ff8880cf000-7ff8880e8000 r--s 00127000 08:01 16124591                   /home/admin1/.m2/repository/org/springframework/spring-core/5.1.13.RELEASE/spring-core-5.1.13.RELEASE.jar
7ff8880e8000-7ff888130000 r--s 002de000 08:01 16124522                   /home/admin1/.m2/repository/net/bytebuddy/byte-buddy/1.9.16/byte-buddy-1.9.16.jar
7ff888130000-7ff888149000 r--s 00227000 08:01 14680454                   /home/admin1/.m2/repository/mysql/mysql-connector-java/8.0.19/mysql-connector-java-8.0.19.jar
7ff888149000-7ff88816d000 r--s 00114000 08:01 16124577                   /home/admin1/.m2/repository/org/springframework/boot/spring-boot-autoconfigure/2.1.12.RELEASE/spring-boot-autoconfigure-2.1.12.RELEASE.jar
7ff88816d000-7ff888182000 r--s 000d6000 08:01 16124567                   /home/admin1/.m2/repository/org/springframework/boot/spring-boot/2.1.12.RELEASE/spring-boot-2.1.12.RELEASE.jar
7ff888182000-7ff888188000 r--s 0002e000 08:01 16124571                   /home/admin1/.m2/repository/org/springframework/boot/spring-boot-devtools/2.1.12.RELEASE/spring-boot-devtools-2.1.12.RELEASE.jar
7ff888188000-7ff888197000 r--s 000b5000 08:01 16124561                   /home/admin1/.m2/repository/org/springframework/spring-webmvc/5.1.13.RELEASE/spring-webmvc-5.1.13.RELEASE.jar
7ff888197000-7ff8881b3000 r--s 0013b000 08:01 16124565                   /home/admin1/.m2/repository/org/springframework/spring-web/5.1.13.RELEASE/spring-web-5.1.13.RELEASE.jar
7ff8881b3000-7ff8881b5000 r--s 0000f000 08:01 16124517                   /home/admin1/.m2/repository/org/jboss/logging/jboss-logging/3.3.3.Final/jboss-logging-3.3.3.Final.jar
7ff8881b5000-7ff8881ba000 r--s 00012000 08:01 15731153                   /home/admin1/.m2/repository/javax/validation/validation-api/2.0.1.Final/validation-api-2.0.1.Final.jar
7ff8881ba000-7ff8881d7000 r--s 000fe000 08:01 15602249                   /home/admin1/.m2/repository/org/hibernate/validator/hibernate-validator/6.0.18.Final/hibernate-validator-6.0.18.Final.jar
7ff8881d7000-7ff8881dc000 r--s 0003c000 08:01 14680452                   /home/admin1/.m2/repository/org/apache/tomcat/embed/tomcat-embed-websocket/9.0.30/tomcat-embed-websocket-9.0.30.jar
7ff8881dc000-7ff8881e1000 r--s 0003a000 08:01 14680469                   /home/admin1/.m2/repository/org/apache/tomcat/embed/tomcat-embed-el/9.0.30/tomcat-embed-el-9.0.30.jar
7ff8881e1000-7ff88820b000 r--s 00301000 08:01 14680466                   /home/admin1/.m2/repository/org/apache/tomcat/embed/tomcat-embed-core/9.0.30/tomcat-embed-core-9.0.30.jar
7ff88820b000-7ff88820c000 r--s 00000000 08:01 16124563                   /home/admin1/.m2/repository/org/springframework/boot/spring-boot-starter-tomcat/2.1.12.RELEASE/spring-boot-starter-tomcat-2.1.12.RELEASE.jar
7ff88820c000-7ff88820e000 r--s 00001000 08:01 16124562                   /home/admin1/.m2/repository/com/fasterxml/jackson/module/jackson-module-parameter-names/2.9.10/jackson-module-parameter-names-2.9.10.jar
7ff88820e000-7ff888211000 r--s 00016000 08:01 16124559                   /home/admin1/.m2/repository/com/fasterxml/jackson/datatype/jackson-datatype-jsr310/2.9.10/jackson-datatype-jsr310-2.9.10.jar
7ff888211000-7ff888213000 r--s 00007000 08:01 16124557                   /home/admin1/.m2/repository/com/fasterxml/jackson/datatype/jackson-datatype-jdk8/2.9.10/jackson-datatype-jdk8-2.9.10.jar
7ff888213000-7ff88821a000 r--s 00043000 08:01 15731127                   /home/admin1/.m2/repository/org/yaml/snakeyaml/1.23/snakeyaml-1.23.jar
7ff88821a000-7ff88821c000 r--s 00005000 08:01 15731121                   /home/admin1/.m2/repository/javax/annotation/javax.annotation-api/1.3.2/javax.annotation-api-1.3.2.jar
7ff88821c000-7ff888227000 r--s 00069000 08:01 15602211                   /home/admin1/.m2/repository/ch/qos/logback/logback-core/1.2.3/logback-core-1.2.3.jar
7ff888227000-7ff88822d000 r--s 00041000 08:01 15602209                   /home/admin1/.m2/repository/ch/qos/logback/logback-classic/1.2.3/logback-classic-1.2.3.jar
7ff88822d000-7ff888240000 r--s 00137000 08:01 16124552                   /home/admin1/.m2/repository/com/fasterxml/jackson/core/jackson-databind/2.9.10.2/jackson-databind-2.9.10.2.jar
7ff888240000-7ff88c000000 rw-p 00000000 00:00 0 
7ff88c000000-7ff88c021000 rw-p 00000000 00:00 0 
7ff88c021000-7ff890000000 ---p 00000000 00:00 0 
7ff890000000-7ff890001000 r--s 00000000 08:01 16124549                   /home/admin1/.m2/repository/org/springframework/boot/spring-boot-starter-json/2.1.12.RELEASE/spring-boot-starter-json-2.1.12.RELEASE.jar
7ff890001000-7ff890003000 r--s 00000000 08:01 14680458                   /home/admin1/.m2/repository/org/slf4j/jul-to-slf4j/1.7.30/jul-to-slf4j-1.7.30.jar
7ff890003000-7ff890005000 r--s 00003000 08:01 16124545                   /home/admin1/.m2/repository/org/apache/logging/log4j/log4j-to-slf4j/2.11.2/log4j-to-slf4j-2.11.2.jar
7ff890005000-7ff890006000 r--s 00000000 08:01 16124543                   /home/admin1/.m2/repository/org/springframework/boot/spring-boot-starter-logging/2.1.12.RELEASE/spring-boot-starter-logging-2.1.12.RELEASE.jar
7ff890006000-7ff890007000 r--s 00000000 08:01 16124541                   /home/admin1/.m2/repository/org/springframework/boot/spring-boot-starter/2.1.12.RELEASE/spring-boot-starter-2.1.12.RELEASE.jar
7ff890007000-7ff89000b000 r--s 0004c000 08:01 16124551                   /home/admin1/.m2/repository/com/fasterxml/jackson/core/jackson-core/2.9.10/jackson-core-2.9.10.jar
7ff89000b000-7ff89000e000 r--s 0000e000 08:01 16124548                   /home/admin1/.m2/repository/com/fasterxml/jackson/core/jackson-annotations/2.9.10/jackson-annotations-2.9.10.jar
7ff89000e000-7ff890012000 r--s 0003a000 08:01 2625284                    /usr/lib/jvm/java-8-openjdk-amd64/jre/lib/ext/sunpkcs11.jar
7ff890012000-7ff89001c000 r--s 00116000 08:01 2625280                    /usr/lib/jvm/java-8-openjdk-amd64/jre/lib/ext/localedata.jar
7ff89001c000-7ff890037000 r--s 00394000 08:01 2625275                    /usr/lib/jvm/java-8-openjdk-amd64/jre/lib/ext/cldrdata.jar
7ff890037000-7ff890048000 r-xp 00000000 08:01 2625255                    /usr/lib/jvm/java-8-openjdk-amd64/jre/lib/amd64/libnio.so
7ff890048000-7ff890248000 ---p 00011000 08:01 2625255                    /usr/lib/jvm/java-8-openjdk-amd64/jre/lib/amd64/libnio.so
7ff890248000-7ff890249000 r--p 00011000 08:01 2625255                    /usr/lib/jvm/java-8-openjdk-amd64/jre/lib/amd64/libnio.so
7ff890249000-7ff89024a000 rw-p 00012000 08:01 2625255                    /usr/lib/jvm/java-8-openjdk-amd64/jre/lib/amd64/libnio.so
7ff89024a000-7ff89027b000 rw-p 00000000 00:00 0 
7ff89027b000-7ff890292000 r-xp 00000000 08:01 2625253                    /usr/lib/jvm/java-8-openjdk-amd64/jre/lib/amd64/libnet.so
7ff890292000-7ff890491000 ---p 00017000 08:01 2625253                    /usr/lib/jvm/java-8-openjdk-amd64/jre/lib/amd64/libnet.so
7ff890491000-7ff890492000 r--p 00016000 08:01 2625253                    /usr/lib/jvm/java-8-openjdk-amd64/jre/lib/amd64/libnet.so
7ff890492000-7ff890493000 rw-p 00017000 08:01 2625253                    /usr/lib/jvm/java-8-openjdk-amd64/jre/lib/amd64/libnet.so
7ff890493000-7ff89049c000 r-xp 00000000 08:01 2625248                    /usr/lib/jvm/java-8-openjdk-amd64/jre/lib/amd64/libmanagement.so
7ff89049c000-7ff89069b000 ---p 00009000 08:01 2625248                    /usr/lib/jvm/java-8-openjdk-amd64/jre/lib/amd64/libmanagement.so
7ff89069b000-7ff89069c000 r--p 00008000 08:01 2625248                    /usr/lib/jvm/java-8-openjdk-amd64/jre/lib/amd64/libmanagement.so
7ff89069c000-7ff89069d000 rw-p 00009000 08:01 2625248                    /usr/lib/jvm/java-8-openjdk-amd64/jre/lib/amd64/libmanagement.so
7ff89069d000-7ff8906a0000 ---p 00000000 00:00 0 
7ff8906a0000-7ff89079e000 rw-p 00000000 00:00 0 
7ff89079e000-7ff89079f000 ---p 00000000 00:00 0 
7ff89079f000-7ff8907a2000 ---p 00000000 00:00 0 
7ff8907a2000-7ff89089f000 rw-p 00000000 00:00 0 
7ff89089f000-7ff8908a0000 ---p 00000000 00:00 0 
7ff8908a0000-7ff8908a3000 ---p 00000000 00:00 0 
7ff8908a3000-7ff8909a0000 rw-p 00000000 00:00 0 
7ff8909a0000-7ff8909a1000 ---p 00000000 00:00 0 
7ff8909a1000-7ff8909a4000 ---p 00000000 00:00 0 
7ff8909a4000-7ff890aa1000 rw-p 00000000 00:00 0 
7ff890aa1000-7ff890aa4000 ---p 00000000 00:00 0 
7ff890aa4000-7ff890ba2000 rw-p 00000000 00:00 0 
7ff890ba2000-7ff891571000 r--p 00000000 08:01 2628210                    /usr/lib/locale/locale-archive
7ff891571000-7ff891574000 ---p 00000000 00:00 0 
7ff891574000-7ff891672000 rw-p 00000000 00:00 0 
7ff891672000-7ff891675000 ---p 00000000 00:00 0 
7ff891675000-7ff891773000 rw-p 00000000 00:00 0 
7ff891773000-7ff891774000 ---p 00000000 00:00 0 
7ff891774000-7ff892834000 rw-p 00000000 00:00 0 
7ff892834000-7ff892a04000 r--s 03c68000 08:01 2625329                    /usr/lib/jvm/java-8-openjdk-amd64/jre/lib/rt.jar
7ff892a04000-7ff893656000 rw-p 00000000 00:00 0 
7ff893656000-7ff893657000 ---p 00000000 00:00 0 
7ff893657000-7ff893757000 rw-p 00000000 00:00 0 
7ff893757000-7ff893758000 ---p 00000000 00:00 0 
7ff893758000-7ff893858000 rw-p 00000000 00:00 0 
7ff893858000-7ff893859000 ---p 00000000 00:00 0 
7ff893859000-7ff893994000 rw-p 00000000 00:00 0 
7ff893994000-7ff893bec000 ---p 00000000 00:00 0 
7ff893bec000-7ff893c27000 rw-p 00000000 00:00 0 
7ff893c27000-7ff893e7e000 ---p 00000000 00:00 0 
7ff893e7e000-7ff893f55000 rw-p 00000000 00:00 0 
7ff893f55000-7ff893fc8000 ---p 00000000 00:00 0 
7ff893fc8000-7ff894000000 rw-p 00000000 00:00 0 
7ff894000000-7ff894389000 ---p 00000000 00:00 0 
7ff894389000-7ff895129000 rwxp 00000000 00:00 0 
7ff895129000-7ff8a3389000 ---p 00000000 00:00 0 
7ff8a3389000-7ff8a3391000 r-xp 00000000 08:01 2625262                    /usr/lib/jvm/java-8-openjdk-amd64/jre/lib/amd64/libzip.so
7ff8a3391000-7ff8a3590000 ---p 00008000 08:01 2625262                    /usr/lib/jvm/java-8-openjdk-amd64/jre/lib/amd64/libzip.so
7ff8a3590000-7ff8a3591000 r--p 00007000 08:01 2625262                    /usr/lib/jvm/java-8-openjdk-amd64/jre/lib/amd64/libzip.so
7ff8a3591000-7ff8a3592000 rw-p 00008000 08:01 2625262                    /usr/lib/jvm/java-8-openjdk-amd64/jre/lib/amd64/libzip.so
7ff8a3592000-7ff8a359d000 r-xp 00000000 08:01 6296307                    /lib/x86_64-linux-gnu/libnss_files-2.27.so
7ff8a359d000-7ff8a379c000 ---p 0000b000 08:01 6296307                    /lib/x86_64-linux-gnu/libnss_files-2.27.so
7ff8a379c000-7ff8a379d000 r--p 0000a000 08:01 6296307                    /lib/x86_64-linux-gnu/libnss_files-2.27.so
7ff8a379d000-7ff8a379e000 rw-p 0000b000 08:01 6296307                    /lib/x86_64-linux-gnu/libnss_files-2.27.so
7ff8a379e000-7ff8a37a4000 rw-p 00000000 00:00 0 
7ff8a37a4000-7ff8a37bb000 r-xp 00000000 08:01 6296301                    /lib/x86_64-linux-gnu/libnsl-2.27.so
7ff8a37bb000-7ff8a39ba000 ---p 00017000 08:01 6296301                    /lib/x86_64-linux-gnu/libnsl-2.27.so
7ff8a39ba000-7ff8a39bb000 r--p 00016000 08:01 6296301                    /lib/x86_64-linux-gnu/libnsl-2.27.so
7ff8a39bb000-7ff8a39bc000 rw-p 00017000 08:01 6296301                    /lib/x86_64-linux-gnu/libnsl-2.27.so
7ff8a39bc000-7ff8a39be000 rw-p 00000000 00:00 0 
7ff8a39be000-7ff8a39c9000 r-xp 00000000 08:01 6296318                    /lib/x86_64-linux-gnu/libnss_nis-2.27.so
7ff8a39c9000-7ff8a3bc8000 ---p 0000b000 08:01 6296318                    /lib/x86_64-linux-gnu/libnss_nis-2.27.so
7ff8a3bc8000-7ff8a3bc9000 r--p 0000a000 08:01 6296318                    /lib/x86_64-linux-gnu/libnss_nis-2.27.so
7ff8a3bc9000-7ff8a3bca000 rw-p 0000b000 08:01 6296318                    /lib/x86_64-linux-gnu/libnss_nis-2.27.so
7ff8a3bca000-7ff8a3bd2000 r-xp 00000000 08:01 6296303                    /lib/x86_64-linux-gnu/libnss_compat-2.27.so
7ff8a3bd2000-7ff8a3dd2000 ---p 00008000 08:01 6296303                    /lib/x86_64-linux-gnu/libnss_compat-2.27.so
7ff8a3dd2000-7ff8a3dd3000 r--p 00008000 08:01 6296303                    /lib/x86_64-linux-gnu/libnss_compat-2.27.so
7ff8a3dd3000-7ff8a3dd4000 rw-p 00009000 08:01 6296303                    /lib/x86_64-linux-gnu/libnss_compat-2.27.so
7ff8a3dd4000-7ff8a3dfe000 r-xp 00000000 08:01 2624392                    /usr/lib/jvm/java-8-openjdk-amd64/jre/lib/amd64/libjava.so
7ff8a3dfe000-7ff8a3ffd000 ---p 0002a000 08:01 2624392                    /usr/lib/jvm/java-8-openjdk-amd64/jre/lib/amd64/libjava.so
7ff8a3ffd000-7ff8a3ffe000 r--p 00029000 08:01 2624392                    /usr/lib/jvm/java-8-openjdk-amd64/jre/lib/amd64/libjava.so
7ff8a3ffe000-7ff8a4000000 rw-p 0002a000 08:01 2624392                    /usr/lib/jvm/java-8-openjdk-amd64/jre/lib/amd64/libjava.so
7ff8a4000000-7ff8a4b3b000 rw-p 00000000 00:00 0 
7ff8a4b3b000-7ff8a8000000 ---p 00000000 00:00 0 
7ff8a8000000-7ff8a8001000 r--s 00000000 08:01 16124539                   /home/admin1/.m2/repository/org/springframework/boot/spring-boot-starter-web/2.1.12.RELEASE/spring-boot-starter-web-2.1.12.RELEASE.jar
7ff8a8001000-7ff8a8004000 r--s 0000f000 08:01 2625278                    /usr/lib/jvm/java-8-openjdk-amd64/jre/lib/ext/icedtea-sound.jar
7ff8a8004000-7ff8a8005000 r--s 00010000 08:01 2625285                    /usr/lib/jvm/java-8-openjdk-amd64/jre/lib/ext/zipfs.jar
7ff8a8005000-7ff8a8026000 rw-p 00000000 00:00 0 
7ff8a8026000-7ff8a8027000 ---p 00000000 00:00 0 
7ff8a8027000-7ff8a8127000 rw-p 00000000 00:00 0 
7ff8a8127000-7ff8a8137000 r-xp 00000000 08:01 2625261                    /usr/lib/jvm/java-8-openjdk-amd64/jre/lib/amd64/libverify.so
7ff8a8137000-7ff8a8336000 ---p 00010000 08:01 2625261                    /usr/lib/jvm/java-8-openjdk-amd64/jre/lib/amd64/libverify.so
7ff8a8336000-7ff8a8338000 r--p 0000f000 08:01 2625261                    /usr/lib/jvm/java-8-openjdk-amd64/jre/lib/amd64/libverify.so
7ff8a8338000-7ff8a8339000 rw-p 00011000 08:01 2625261                    /usr/lib/jvm/java-8-openjdk-amd64/jre/lib/amd64/libverify.so
7ff8a8339000-7ff8a8340000 r-xp 00000000 08:01 6296358                    /lib/x86_64-linux-gnu/librt-2.27.so
7ff8a8340000-7ff8a853f000 ---p 00007000 08:01 6296358                    /lib/x86_64-linux-gnu/librt-2.27.so
7ff8a853f000-7ff8a8540000 r--p 00006000 08:01 6296358                    /lib/x86_64-linux-gnu/librt-2.27.so
7ff8a8540000-7ff8a8541000 rw-p 00007000 08:01 6296358                    /lib/x86_64-linux-gnu/librt-2.27.so
7ff8a8541000-7ff8a8558000 r-xp 00000000 08:01 6291704                    /lib/x86_64-linux-gnu/libgcc_s.so.1
7ff8a8558000-7ff8a8757000 ---p 00017000 08:01 6291704                    /lib/x86_64-linux-gnu/libgcc_s.so.1
7ff8a8757000-7ff8a8758000 r--p 00016000 08:01 6291704                    /lib/x86_64-linux-gnu/libgcc_s.so.1
7ff8a8758000-7ff8a8759000 rw-p 00017000 08:01 6291704                    /lib/x86_64-linux-gnu/libgcc_s.so.1
7ff8a8759000-7ff8a88f6000 r-xp 00000000 08:01 6296280                    /lib/x86_64-linux-gnu/libm-2.27.so
7ff8a88f6000-7ff8a8af5000 ---p 0019d000 08:01 6296280                    /lib/x86_64-linux-gnu/libm-2.27.so
7ff8a8af5000-7ff8a8af6000 r--p 0019c000 08:01 6296280                    /lib/x86_64-linux-gnu/libm-2.27.so
7ff8a8af6000-7ff8a8af7000 rw-p 0019d000 08:01 6296280                    /lib/x86_64-linux-gnu/libm-2.27.so
7ff8a8af7000-7ff8a8c70000 r-xp 00000000 08:01 2621620                    /usr/lib/x86_64-linux-gnu/libstdc++.so.6.0.25
7ff8a8c70000-7ff8a8e70000 ---p 00179000 08:01 2621620                    /usr/lib/x86_64-linux-gnu/libstdc++.so.6.0.25
7ff8a8e70000-7ff8a8e7a000 r--p 00179000 08:01 2621620                    /usr/lib/x86_64-linux-gnu/libstdc++.so.6.0.25
7ff8a8e7a000-7ff8a8e7c000 rw-p 00183000 08:01 2621620                    /usr/lib/x86_64-linux-gnu/libstdc++.so.6.0.25
7ff8a8e7c000-7ff8a8e80000 rw-p 00000000 00:00 0 
7ff8a8e80000-7ff8a9b23000 r-xp 00000000 08:01 2625265                    /usr/lib/jvm/java-8-openjdk-amd64/jre/lib/amd64/server/libjvm.so
7ff8a9b23000-7ff8a9d23000 ---p 00ca3000 08:01 2625265                    /usr/lib/jvm/java-8-openjdk-amd64/jre/lib/amd64/server/libjvm.so
7ff8a9d23000-7ff8a9db7000 r--p 00ca3000 08:01 2625265                    /usr/lib/jvm/java-8-openjdk-amd64/jre/lib/amd64/server/libjvm.so
7ff8a9db7000-7ff8a9de0000 rw-p 00d37000 08:01 2625265                    /usr/lib/jvm/java-8-openjdk-amd64/jre/lib/amd64/server/libjvm.so
7ff8a9de0000-7ff8a9e10000 rw-p 00000000 00:00 0 
7ff8a9e10000-7ff8a9e2a000 r-xp 00000000 08:01 6296350                    /lib/x86_64-linux-gnu/libpthread-2.27.so
7ff8a9e2a000-7ff8aa029000 ---p 0001a000 08:01 6296350                    /lib/x86_64-linux-gnu/libpthread-2.27.so
7ff8aa029000-7ff8aa02a000 r--p 00019000 08:01 6296350                    /lib/x86_64-linux-gnu/libpthread-2.27.so
7ff8aa02a000-7ff8aa02b000 rw-p 0001a000 08:01 6296350                    /lib/x86_64-linux-gnu/libpthread-2.27.so
7ff8aa02b000-7ff8aa02f000 rw-p 00000000 00:00 0 
7ff8aa02f000-7ff8aa032000 r-xp 00000000 08:01 6296240                    /lib/x86_64-linux-gnu/libdl-2.27.so
7ff8aa032000-7ff8aa231000 ---p 00003000 08:01 6296240                    /lib/x86_64-linux-gnu/libdl-2.27.so
7ff8aa231000-7ff8aa232000 r--p 00002000 08:01 6296240                    /lib/x86_64-linux-gnu/libdl-2.27.so
7ff8aa232000-7ff8aa233000 rw-p 00003000 08:01 6296240                    /lib/x86_64-linux-gnu/libdl-2.27.so
7ff8aa233000-7ff8aa24f000 r-xp 00000000 08:01 6296389                    /lib/x86_64-linux-gnu/libz.so.1.2.11
7ff8aa24f000-7ff8aa44e000 ---p 0001c000 08:01 6296389                    /lib/x86_64-linux-gnu/libz.so.1.2.11
7ff8aa44e000-7ff8aa44f000 r--p 0001b000 08:01 6296389                    /lib/x86_64-linux-gnu/libz.so.1.2.11
7ff8aa44f000-7ff8aa450000 rw-p 0001c000 08:01 6296389                    /lib/x86_64-linux-gnu/libz.so.1.2.11
7ff8aa450000-7ff8aa637000 r-xp 00000000 08:01 6296217                    /lib/x86_64-linux-gnu/libc-2.27.so
7ff8aa637000-7ff8aa837000 ---p 001e7000 08:01 6296217                    /lib/x86_64-linux-gnu/libc-2.27.so
7ff8aa837000-7ff8aa83b000 r--p 001e7000 08:01 6296217                    /lib/x86_64-linux-gnu/libc-2.27.so
7ff8aa83b000-7ff8aa83d000 rw-p 001eb000 08:01 6296217                    /lib/x86_64-linux-gnu/libc-2.27.so
7ff8aa83d000-7ff8aa841000 rw-p 00000000 00:00 0 
7ff8aa841000-7ff8aa84f000 r-xp 00000000 08:01 2624011                    /usr/lib/jvm/java-8-openjdk-amd64/jre/lib/amd64/jli/libjli.so
7ff8aa84f000-7ff8aaa4e000 ---p 0000e000 08:01 2624011                    /usr/lib/jvm/java-8-openjdk-amd64/jre/lib/amd64/jli/libjli.so
7ff8aaa4e000-7ff8aaa4f000 r--p 0000d000 08:01 2624011                    /usr/lib/jvm/java-8-openjdk-amd64/jre/lib/amd64/jli/libjli.so
7ff8aaa4f000-7ff8aaa50000 rw-p 0000e000 08:01 2624011                    /usr/lib/jvm/java-8-openjdk-amd64/jre/lib/amd64/jli/libjli.so
7ff8aaa50000-7ff8aaa77000 r-xp 00000000 08:01 6296189                    /lib/x86_64-linux-gnu/ld-2.27.so
7ff8aaa77000-7ff8aaa79000 r--s 00007000 08:01 3018577                    /usr/share/java/java-atk-wrapper.jar
7ff8aaa79000-7ff8aaa94000 r--s 001d6000 08:01 2625281                    /usr/lib/jvm/java-8-openjdk-amd64/jre/lib/ext/nashorn.jar
7ff8aaa94000-7ff8aab5f000 rw-p 00000000 00:00 0 
7ff8aab5f000-7ff8aab60000 ---p 00000000 00:00 0 
7ff8aab60000-7ff8aab63000 ---p 00000000 00:00 0 
7ff8aab63000-7ff8aac62000 rw-p 00000000 00:00 0 
7ff8aac62000-7ff8aac63000 r--s 0000a000 08:01 2625279                    /usr/lib/jvm/java-8-openjdk-amd64/jre/lib/ext/jaccess.jar
7ff8aac63000-7ff8aac64000 r--s 0000d000 08:01 2625282                    /usr/lib/jvm/java-8-openjdk-amd64/jre/lib/ext/sunec.jar
7ff8aac64000-7ff8aac69000 r--s 0003d000 08:01 2625283                    /usr/lib/jvm/java-8-openjdk-amd64/jre/lib/ext/sunjce_provider.jar
7ff8aac69000-7ff8aac6b000 r--s 00001000 08:01 2625277                    /usr/lib/jvm/java-8-openjdk-amd64/jre/lib/ext/dnsns.jar
7ff8aac6b000-7ff8aac73000 rw-s 00000000 08:01 18875457                   /tmp/hsperfdata_admin1/17027
7ff8aac73000-7ff8aac74000 rw-p 00000000 00:00 0 
7ff8aac74000-7ff8aac75000 ---p 00000000 00:00 0 
7ff8aac75000-7ff8aac77000 rw-p 00000000 00:00 0 
7ff8aac77000-7ff8aac78000 r--p 00027000 08:01 6296189                    /lib/x86_64-linux-gnu/ld-2.27.so
7ff8aac78000-7ff8aac79000 rw-p 00028000 08:01 6296189                    /lib/x86_64-linux-gnu/ld-2.27.so
7ff8aac79000-7ff8aac7a000 rw-p 00000000 00:00 0 
7ffdeae33000-7ffdeae58000 rw-p 00000000 00:00 0                          [stack]
7ffdeaea0000-7ffdeaea3000 r--p 00000000 00:00 0                          [vvar]
7ffdeaea3000-7ffdeaea5000 r-xp 00000000 00:00 0                          [vdso]
ffffffffff600000-ffffffffff601000 r-xp 00000000 00:00 0                  [vsyscall]

VM Arguments:
jvm_args: -Dcom.sun.management.jmxremote -Dcom.sun.management.jmxremote.port=33245 -Dcom.sun.management.jmxremote.authenticate=false -Dcom.sun.management.jmxremote.ssl=false -Djava.rmi.server.hostname=localhost -Dspring.jmx.enabled=true -Dspring.application.admin.enabled=true -Djava.security.egd=file:/dev/./urandom -Xverify:none -XX:TieredStopAtLevel=1 -Dspring.boot.project.name=fundoo -Dfile.encoding=UTF-8 
java_command: com.bridgelabz.fundoo.FundooApplication --spring.output.ansi.enabled=always
java_class_path (initial): /home/admin1/Documents/workspace-spring-tool-suite-4-4.5.0.RELEASE/fundoo/target/classes:/home/admin1/.m2/repository/com/fasterxml/jackson/core/jackson-databind/2.9.10.2/jackson-databind-2.9.10.2.jar:/home/admin1/.m2/repository/com/fasterxml/jackson/core/jackson-annotations/2.9.10/jackson-annotations-2.9.10.jar:/home/admin1/.m2/repository/com/fasterxml/jackson/core/jackson-core/2.9.10/jackson-core-2.9.10.jar:/home/admin1/.m2/repository/org/springframework/boot/spring-boot-starter-web/2.1.12.RELEASE/spring-boot-starter-web-2.1.12.RELEASE.jar:/home/admin1/.m2/repository/org/springframework/boot/spring-boot-starter/2.1.12.RELEASE/spring-boot-starter-2.1.12.RELEASE.jar:/home/admin1/.m2/repository/org/springframework/boot/spring-boot-starter-logging/2.1.12.RELEASE/spring-boot-starter-logging-2.1.12.RELEASE.jar:/home/admin1/.m2/repository/ch/qos/logback/logback-classic/1.2.3/logback-classic-1.2.3.jar:/home/admin1/.m2/repository/ch/qos/logback/logback-core/1.2.3/logback-core-1.2.3.jar:/home/admin1/.m2/repository/org/apache/logging/log4j/log4j-to-slf4j/2.11.2/log4j-to-slf4j-2.11.2.jar:/home/admin1/.m2/repository/org/slf4j/jul-to-slf4j/1.7.30/jul-to-slf4j-1.7.30.jar:/home/admin1/.m2/repository/javax/annotation/javax.annotation-api/1.3.2/javax.annotation-api-1.3.2.jar:/home/admin1/.m2/repository/org/yaml/snakeyaml/1.23/snakeyaml-1.23.jar:/home/admin1/.m2/repository/org/springframework/boot/spring-boot-starter-json/2.1.12.RELEASE/spring-boot-starter-json-2.1.12.RELEASE.jar:/home/admin1/.m2/repository/com/fasterxml/jackson/datatype/jackson-datatype-jdk8/2.9.10/jackson-datatype-jdk8-2.9.10.jar:/home/admin1/.m2/repository/com/fasterxml/jackson/datatype/jackson-datatype-jsr310/2.9.10/jackson-datatype-jsr310-2.9.10.jar:/home/admin1/.m2/repository/com/fasterxml/jackson/module/jackson-module-parameter-names/2.9.10/jackson-module-parameter-names-2.9.10.jar:/home/admin1/.m2/repository/org/springframework/boot/spring-boot-starter-tomcat/2.1.12.RELEASE/spring
Launcher Type: SUN_STANDARD

Environment Variables:
PATH=/usr/local/sbin:/usr/local/bin:/usr/sbin:/usr/bin:/sbin:/bin:/usr/games:/usr/local/games:/snap/bin
USERNAME=admin1
SHELL=/bin/bash
DISPLAY=:0

Signal Handlers:
SIGSEGV: [libjvm.so+0xabc3b0], sa_mask[0]=11111111011111111101111111111110, sa_flags=SA_RESTART|SA_SIGINFO
SIGBUS: [libjvm.so+0xabc3b0], sa_mask[0]=11111111011111111101111111111110, sa_flags=SA_RESTART|SA_SIGINFO
SIGFPE: [libjvm.so+0x8f0bb0], sa_mask[0]=11111111011111111101111111111110, sa_flags=SA_RESTART|SA_SIGINFO
SIGPIPE: [libjvm.so+0x8f0bb0], sa_mask[0]=11111111011111111101111111111110, sa_flags=SA_RESTART|SA_SIGINFO
SIGXFSZ: [libjvm.so+0x8f0bb0], sa_mask[0]=11111111011111111101111111111110, sa_flags=SA_RESTART|SA_SIGINFO
SIGILL: [libjvm.so+0x8f0bb0], sa_mask[0]=11111111011111111101111111111110, sa_flags=SA_RESTART|SA_SIGINFO
SIGUSR1: SIG_DFL, sa_mask[0]=00000000000000000000000000000000, sa_flags=none
SIGUSR2: [libjvm.so+0x8f0a60], sa_mask[0]=00100000000000000000000000000000, sa_flags=SA_RESTART|SA_SIGINFO
SIGHUP: [libjvm.so+0x8f10d0], sa_mask[0]=11111111011111111101111111111110, sa_flags=SA_RESTART|SA_SIGINFO
SIGINT: [libjvm.so+0x8f10d0], sa_mask[0]=11111111011111111101111111111110, sa_flags=SA_RESTART|SA_SIGINFO
SIGTERM: [libjvm.so+0x8f10d0], sa_mask[0]=11111111011111111101111111111110, sa_flags=SA_RESTART|SA_SIGINFO
SIGQUIT: [libjvm.so+0x8f10d0], sa_mask[0]=11111111011111111101111111111110, sa_flags=SA_RESTART|SA_SIGINFO


---------------  S Y S T E M  ---------------

OS:DISTRIB_ID=Ubuntu
DISTRIB_RELEASE=18.04
DISTRIB_CODENAME=bionic
DISTRIB_DESCRIPTION="Ubuntu 18.04.3 LTS"

uname:Linux 4.15.0-74-generic #84-Ubuntu SMP Thu Dec 19 08:06:28 UTC 2019 x86_64
libc:glibc 2.27 NPTL 2.27 
rlimit: STACK 8192k, CORE 0k, NPROC 31431, NOFILE 4096, AS infinity
load average:1.01 0.80 0.67

/proc/meminfo:
MemTotal:        8091340 kB
MemFree:          983968 kB
MemAvailable:    2854464 kB
Buffers:           67900 kB
Cached:          2446428 kB
SwapCached:           24 kB
Active:          5346980 kB
Inactive:        1353300 kB
Active(anon):    4001832 kB
Inactive(anon):   693048 kB
Active(file):    1345148 kB
Inactive(file):   660252 kB
Unevictable:         176 kB
Mlocked:             176 kB
SwapTotal:       2097148 kB
SwapFree:        2096368 kB
Dirty:               428 kB
Writeback:             0 kB
AnonPages:       4186148 kB
Mapped:           769512 kB
Shmem:            508928 kB
Slab:             231328 kB
SReclaimable:     168116 kB
SUnreclaim:        63212 kB
KernelStack:       17152 kB
PageTables:        79020 kB
NFS_Unstable:          0 kB
Bounce:                0 kB
WritebackTmp:          0 kB
CommitLimit:     6142816 kB
Committed_AS:   12518536 kB
VmallocTotal:   34359738367 kB
VmallocUsed:           0 kB
VmallocChunk:          0 kB
HardwareCorrupted:     0 kB
AnonHugePages:         0 kB
ShmemHugePages:        0 kB
ShmemPmdMapped:        0 kB
CmaTotal:              0 kB
CmaFree:               0 kB
HugePages_Total:       0
HugePages_Free:        0
HugePages_Rsvd:        0
HugePages_Surp:        0
Hugepagesize:       2048 kB
DirectMap4k:      267156 kB
DirectMap2M:     8044544 kB
DirectMap1G:     1048576 kB

container (cgroup) information:
container_type: cgroupv1
cpu_cpuset_cpus: 0-3
cpu_memory_nodes: 0
active_processor_count: 4
cpu_quota: -1
cpu_period: 100000
cpu_shares: -1
memory_limit_in_bytes: -1
memory_and_swap_limit_in_bytes: -2
memory_soft_limit_in_bytes: -1
memory_usage_in_bytes: 6861463552
memory_max_usage_in_bytes: 0


CPU:total 4 (initial active 4) (4 cores per cpu, 1 threads per core) family 6 model 60 stepping 3, cmov, cx8, fxsr, mmx, sse, sse2, sse3, ssse3, sse4.1, sse4.2, popcnt, avx, avx2, aes, clmul, erms, lzcnt, tsc, tscinvbit, bmi1, bmi2

/proc/cpuinfo:
processor	: 0
vendor_id	: GenuineIntel
cpu family	: 6
model		: 60
model name	: Intel(R) Core(TM) i5-4570 CPU @ 3.20GHz
stepping	: 3
microcode	: 0x27
cpu MHz		: 3133.683
cache size	: 6144 KB
physical id	: 0
siblings	: 4
core id		: 0
cpu cores	: 4
apicid		: 0
initial apicid	: 0
fpu		: yes
fpu_exception	: yes
cpuid level	: 13
wp		: yes
flags		: fpu vme de pse tsc msr pae mce cx8 apic sep mtrr pge mca cmov pat pse36 clflush dts acpi mmx fxsr sse sse2 ss ht tm pbe syscall nx pdpe1gb rdtscp lm constant_tsc arch_perfmon pebs bts rep_good nopl xtopology nonstop_tsc cpuid aperfmperf pni pclmulqdq dtes64 monitor ds_cpl vmx smx est tm2 ssse3 sdbg fma cx16 xtpr pdcm pcid sse4_1 sse4_2 x2apic movbe popcnt tsc_deadline_timer aes xsave avx f16c rdrand lahf_lm abm cpuid_fault epb invpcid_single pti ssbd ibrs ibpb stibp tpr_shadow vnmi flexpriority ept vpid fsgsbase tsc_adjust bmi1 avx2 smep bmi2 erms invpcid xsaveopt dtherm ida arat pln pts md_clear flush_l1d
bugs		: cpu_meltdown spectre_v1 spectre_v2 spec_store_bypass l1tf mds swapgs itlb_multihit
bogomips	: 6385.67
clflush size	: 64
cache_alignment	: 64
address sizes	: 39 bits physical, 48 bits virtual
power management:

processor	: 1
vendor_id	: GenuineIntel
cpu family	: 6
model		: 60
model name	: Intel(R) Core(TM) i5-4570 CPU @ 3.20GHz
stepping	: 3
microcode	: 0x27
cpu MHz		: 2586.475
cache size	: 6144 KB
physical id	: 0
siblings	: 4
core id		: 1
cpu cores	: 4
apicid		: 2
initial apicid	: 2
fpu		: yes
fpu_exception	: yes
cpuid level	: 13
wp		: yes
flags		: fpu vme de pse tsc msr pae mce cx8 apic sep mtrr pge mca cmov pat pse36 clflush dts acpi mmx fxsr sse sse2 ss ht tm pbe syscall nx pdpe1gb rdtscp lm constant_tsc arch_perfmon pebs bts rep_good nopl xtopology nonstop_tsc cpuid aperfmperf pni pclmulqdq dtes64 monitor ds_cpl vmx smx est tm2 ssse3 sdbg fma cx16 xtpr pdcm pcid sse4_1 sse4_2 x2apic movbe popcnt tsc_deadline_timer aes xsave avx f16c rdrand lahf_lm abm cpuid_fault epb invpcid_single pti ssbd ibrs ibpb stibp tpr_shadow vnmi flexpriority ept vpid fsgsbase tsc_adjust bmi1 avx2 smep bmi2 erms invpcid xsaveopt dtherm ida arat pln pts md_clear flush_l1d
bugs		: cpu_meltdown spectre_v1 spectre_v2 spec_store_bypass l1tf mds swapgs itlb_multihit
bogomips	: 6385.67
clflush size	: 64
cache_alignment	: 64
address sizes	: 39 bits physical, 48 bits virtual
power management:

processor	: 2
vendor_id	: GenuineIntel
cpu family	: 6
model		: 60
model name	: Intel(R) Core(TM) i5-4570 CPU @ 3.20GHz
stepping	: 3
microcode	: 0x27
cpu MHz		: 2463.728
cache size	: 6144 KB
physical id	: 0
siblings	: 4
core id		: 2
cpu cores	: 4
apicid		: 4
initial apicid	: 4
fpu		: yes
fpu_exception	: yes
cpuid level	: 13
wp		: yes
flags		: fpu vme de pse tsc msr pae mce cx8 apic sep mtrr pge mca cmov pat pse36 clflush dts acpi mmx fxsr sse sse2 ss ht tm pbe syscall nx pdpe1gb rdtscp lm constant_tsc arch_perfmon pebs bts rep_good nopl xtopology nonstop_tsc cpuid aperfmperf pni pclmulqdq dtes64 monitor ds_cpl vmx smx est tm2 ssse3 sdbg fma cx16 xtpr pdcm pcid sse4_1 sse4_2 x2apic movbe popcnt tsc_deadline_timer aes xsave avx f16c rdrand lahf_lm abm cpuid_fault epb invpcid_single pti ssbd ibrs ibpb stibp tpr_shadow vnmi flexpriority ept vpid fsgsbase tsc_adjust bmi1 avx2 smep bmi2 erms invpcid xsaveopt dtherm ida arat pln pts md_clear flush_l1d
bugs		: cpu_meltdown spectre_v1 spectre_v2 spec_store_bypass l1tf mds swapgs itlb_multihit
bogomips	: 6385.67
clflush size	: 64
cache_alignment	: 64
address sizes	: 39 bits physical, 48 bits virtual
power management:

processor	: 3
vendor_id	: GenuineIntel
cpu family	: 6
model		: 60
model name	: Intel(R) Core(TM) i5-4570 CPU @ 3.20GHz
stepping	: 3
microcode	: 0x27
cpu MHz		: 3230.485
cache size	: 6144 KB
physical id	: 0
siblings	: 4
core id		: 3
cpu cores	: 4
apicid		: 6
initial apicid	: 6
fpu		: yes
fpu_exception	: yes
cpuid level	: 13
wp		: yes
flags		: fpu vme de pse tsc msr pae mce cx8 apic sep mtrr pge mca cmov pat pse36 clflush dts acpi mmx fxsr sse sse2 ss ht tm pbe syscall nx pdpe1gb rdtscp lm constant_tsc arch_perfmon pebs bts rep_good nopl xtopology nonstop_tsc cpuid aperfmperf pni pclmulqdq dtes64 monitor ds_cpl vmx smx est tm2 ssse3 sdbg fma cx16 xtpr pdcm pcid sse4_1 sse4_2 x2apic movbe popcnt tsc_deadline_timer aes xsave avx f16c rdrand lahf_lm abm cpuid_fault epb invpcid_single pti ssbd ibrs ibpb stibp tpr_shadow vnmi flexpriority ept vpid fsgsbase tsc_adjust bmi1 avx2 smep bmi2 erms invpcid xsaveopt dtherm ida arat pln pts md_clear flush_l1d
bugs		: cpu_meltdown spectre_v1 spectre_v2 spec_store_bypass l1tf mds swapgs itlb_multihit
bogomips	: 6385.67
clflush size	: 64
cache_alignment	: 64
address sizes	: 39 bits physical, 48 bits virtual
power management:



Memory: 4k page, physical 8091340k(983728k free), swap 2097148k(2096368k free)

vm_info: OpenJDK 64-Bit Server VM (25.242-b08) for linux-amd64 JRE (1.8.0_242-8u242-b08-0ubuntu3~18.04-b08), built on Jan 17 2020 23:41:21 by "buildd" with gcc 7.4.0

time: Sat Feb  1 12:00:56 2020
timezone: IST
elapsed time: 1004 seconds (0d 0h 16m 44s)

